#
# A fatal error has been detected by the Java Runtime Environment:
#
#  SIGSEGV (0xb) at pc=0x000000010d2d8082, pid=704, tid=41219
#
# JRE version: Java(TM) SE Runtime Environment (17.0.16+12) (build 17.0.16+12-LTS-247)
# Java VM: Java HotSpot(TM) 64-Bit Server VM (17.0.16+12-LTS-247, mixed mode, sharing, tiered, compressed oops, compressed class ptrs, g1 gc, bsd-amd64)
# Problematic frame:
# V  [libjvm.dylib+0x4d8082]  PhaseIFG::remove_node(unsigned int)+0x172
#
# No core dump will be written. Core dumps have been disabled. To enable core dumping, try "ulimit -c unlimited" before starting Java again
#
# If you would like to submit a bug report, please visit:
#   https://bugreport.java.com/bugreport/crash.jsp
#

---------------  S U M M A R Y ------------

Command Line: --add-opens=java.base/java.lang=ALL-UNNAMED --add-opens=java.base/java.lang.invoke=ALL-UNNAMED --add-opens=java.base/java.util=ALL-UNNAMED --add-opens=java.prefs/java.util.prefs=ALL-UNNAMED --add-exports=jdk.compiler/com.sun.tools.javac.api=ALL-UNNAMED --add-exports=jdk.compiler/com.sun.tools.javac.util=ALL-UNNAMED --add-opens=java.base/java.util=ALL-UNNAMED --add-opens=java.prefs/java.util.prefs=ALL-UNNAMED --add-opens=java.base/java.nio.charset=ALL-UNNAMED --add-opens=java.base/java.net=ALL-UNNAMED --add-opens=java.base/java.util.concurrent.atomic=ALL-UNNAMED --add-opens=java.xml/javax.xml.namespace=ALL-UNNAMED -XX:MaxMetaspaceSize=512m -Xmx2048m -Dfile.encoding=UTF-8 -Duser.country=PK -Duser.language=en -Duser.variant -javaagent:/Users/apple/.gradle/wrapper/dists/gradle-8.14.1-bin/baw1sv0jfoi8rxs14qo3h49cs/gradle-8.14.1/lib/agents/gradle-instrumentation-agent-8.14.1.jar org.gradle.launcher.daemon.bootstrap.GradleDaemon 8.14.1

Host: "MacBookPro9,2" x86_64 2900 MHz, 4 cores, 16G, Darwin 19.6.0, macOS 10.15.7 (19H2026)
Time: Mon Nov  3 06:07:50 2025 PKT elapsed time: 71.039824 seconds (0d 0h 1m 11s)

---------------  T H R E A D  ---------------

Current thread (0x00007faf470dc400):  JavaThread "C2 CompilerThread0" daemon [_thread_in_native, id=41219, stack(0x00007000074aa000,0x00007000075aa000)]


Current CompileTask:
C2:  71040 6919   !   4       java.util.zip.ZipFile$ZipFileInflaterInputStream::close (67 bytes)

Stack: [0x00007000074aa000,0x00007000075aa000],  sp=0x00007000075a6780,  free space=1009k
Native frames: (J=compiled Java code, j=interpreted, Vv=VM code, C=native code)
V  [libjvm.dylib+0x4d8082]  PhaseIFG::remove_node(unsigned int)+0x172
V  [libjvm.dylib+0x29e5cb]  PhaseChaitin::Simplify()+0x27b
V  [libjvm.dylib+0x29ca20]  PhaseChaitin::Register_Allocate()+0x730
V  [libjvm.dylib+0x318d20]  Compile::Code_Gen()+0x3d0
V  [libjvm.dylib+0x315f0e]  Compile::Compile(ciEnv*, ciMethod*, int, bool, bool, bool, bool, bool, DirectiveSet*)+0x116e
V  [libjvm.dylib+0x27d102]  C2Compiler::compile_method(ciEnv*, ciMethod*, int, bool, DirectiveSet*)+0xf2
V  [libjvm.dylib+0x328f37]  CompileBroker::invoke_compiler_on_method(CompileTask*)+0x577
V  [libjvm.dylib+0x32890c]  CompileBroker::compiler_thread_loop()+0x56c
V  [libjvm.dylib+0x9fd417]  JavaThread::thread_main_inner()+0x147
V  [libjvm.dylib+0x9fba32]  Thread::call_run()+0xf2
V  [libjvm.dylib+0x88b678]  thread_native_entry(Thread*)+0x148
C  [libsystem_pthread.dylib+0x6109]  _pthread_start+0x94
C  [libsystem_pthread.dylib+0x1b8b]  thread_start+0xf


siginfo: si_signo: 11 (SIGSEGV), si_code: 1 (SEGV_MAPERR), si_addr: 0x00006faf4d6598e8

Registers:
RAX=0x00000000000178e0, RBX=0x0000000000400000, RCX=0x000000000000025b, RDX=0x00007faf4aae9010
RSP=0x00007000075a6780, RBP=0x00007000075a67f0, RSI=0x00006faf4d6598e0, RDI=0x0000000000000000
R8 =0x0000000000000009, R9 =0x0000000000400000, R10=0xffffffffffbfffff, R11=0x00007faf4d65a0a0
R12=0x0000000000000001, R13=0xffffffffffbfffff, R14=0x00007000075a6a78, R15=0x00007faf4af6211c
RIP=0x000000010d2d8082, EFLAGS=0x0000000000010202, ERR=0x0000000000000004
  TRAPNO=0x000000000000000e


Register to memory mapping:

RAX=0x00000000000178e0 is an unknown value
RBX=0x0000000000400000 is an unknown value
RCX=0x000000000000025b is an unknown value
RDX=0x00007faf4aae9010 points into unknown readable memory: 0x0000000000000000 | 00 00 00 00 00 00 00 00
RSP=0x00007000075a6780 is pointing into the stack for thread: 0x00007faf470dc400
RBP=0x00007000075a67f0 is pointing into the stack for thread: 0x00007faf470dc400
RSI=0x00006faf4d6598e0 is an unknown value
RDI=0x0 is NULL
R8 =0x0000000000000009 is an unknown value
R9 =0x0000000000400000 is an unknown value
R10=0xffffffffffbfffff is an unknown value
R11=0x00007faf4d65a0a0 points into unknown readable memory: 0x00007faf4d659d60 | 60 9d 65 4d af 7f 00 00
R12=0x0000000000000001 is an unknown value
R13=0xffffffffffbfffff is an unknown value
R14=0x00007000075a6a78 is pointing into the stack for thread: 0x00007faf470dc400
R15=0x00007faf4af6211c points into unknown readable memory: 01 00 00 00


Top of Stack: (sp=0x00007000075a6780)
0x00007000075a6780:   0000000000000000 00007faf4af6211c
0x00007000075a6790:   000000000005d5c0 0000000c02c8a502
0x00007000075a67a0:   000000020000025b 0000000b00000003
0x00007000075a67b0:   00007faf4d6398a0 00007faf4ab465e0
0x00007000075a67c0:   00007faf4ab465d0 0000000000000956
0x00007000075a67d0:   0000000400000000 00007000075a8228
0x00007000075a67e0:   00007000075a6860 00007000075a8228
0x00007000075a67f0:   00007000075a68b0 000000010d09e5cb
0x00007000075a6800:   0000000000000000 00007faf4d580000
0x00007000075a6810:   0000000000000000 00007000075a6ad8
0x00007000075a6820:   00007000075a8200 00007faf4b8b8df0
0x00007000075a6830:   000000010d8fd815 0000000000000000
0x00007000075a6840:   0000000000000000 0000000000000000
0x00007000075a6850:   000000010d8fd815 000000010d0f4c00
0x00007000075a6860:   0000000000000000 0000000100000a09
0x00007000075a6870:   0000000b0000000b 00007faf4d65d780
0x00007000075a6880:   00007faf4ab3da80 00007faf4ab3da70
0x00007000075a6890:   00007000075a69f0 00007000075a6ad8
0x00007000075a68a0:   00007000075a6930 00007faf4b8b8df0
0x00007000075a68b0:   00007000075a6b40 000000010d09ca20
0x00007000075a68c0:   00007000075a8398 00007fff0000000a
0x00007000075a68d0:   00007000075a90b0 00007faf497dc010
0x00007000075a68e0:   0000000000000000 00007faf497be010
0x00007000075a68f0:   00007faf49c4ba10 00007faf49c4d200
0x00007000075a6900:   00007faf4850ce10 00007000075a8398
0x00007000075a6910:   00007000075a8328 00007faf00000a65
0x00007000075a6920:   00007000075a6ad8 00007faf46c65000
0x00007000075a6930:   000000010da34290 000000000000000d
0x00007000075a6940:   00007000075a90b0 00007000075a8228
0x00007000075a6950:   0000000400000001 00007000075a6960
0x00007000075a6960:   000000010da96898 000000010da96898
0x00007000075a6970:   000000010da96898 00007faf4d65f600 

Instructions: (pc=0x000000010d2d8082)
0x000000010d2d7f82:   00 00 00 04 00 00 00 48 89 7d b0 c7 45 b8 00 00
0x000000010d2d7f92:   00 00 83 39 00 74 06 8b 7c 18 04 eb 02 31 ff 89
0x000000010d2d7fa2:   7d bc 48 c7 45 c0 00 00 00 00 48 89 5d a0 48 8b
0x000000010d2d7fb2:   44 18 08 48 89 45 c8 48 89 4d d0 45 89 e8 41 c1
0x000000010d2d7fc2:   e8 08 45 89 ec 41 c1 ec 06 41 83 e4 03 41 b9 01
0x000000010d2d7fd2:   00 00 00 44 89 e9 49 d3 e1 49 c7 c2 fe ff ff ff
0x000000010d2d7fe2:   49 d3 c2 48 69 c2 a8 00 00 00 4c 8d bc 06 9c 00
0x000000010d2d7ff2:   00 00 31 c0 4c 89 7d 98 eb 0f 0f 1f 40 00 0f af
0x000000010d2d8002:   d6 29 54 08 34 48 8b 45 a8 48 85 c0 74 20 48 0f
0x000000010d2d8012:   bc c8 48 d3 e8 48 ff c8 48 89 45 a8 8b 45 b0 01
0x000000010d2d8022:   c8 89 45 b0 85 c0 75 41 e9 a3 00 00 00 90 83 7d
0x000000010d2d8032:   b4 04 72 0c 8b 45 b8 3b 45 bc 0f 83 90 00 00 00
0x000000010d2d8042:   48 8d 7d a8 4c 89 c3 4d 89 f7 4d 89 ce 4d 89 d5
0x000000010d2d8052:   e8 d9 a4 00 00 4d 89 ea 4d 89 f1 4d 89 fe 4c 8b
0x000000010d2d8062:   7d 98 49 89 d8 85 c0 74 67 49 8b 56 10 89 c1 48
0x000000010d2d8072:   8d 04 89 48 c1 e0 05 48 8b 74 02 08 4a 8b 34 c6
0x000000010d2d8082:   4a 8b 1c e6 48 89 df 4c 21 d7 4a 89 3c e6 4c 85
0x000000010d2d8092:   cb 74 03 ff 0c 02 49 8b 46 20 41 0f b7 37 48 69
0x000000010d2d80a2:   c9 a8 00 00 00 0f b7 94 08 9c 00 00 00 41 f6 47
0x000000010d2d80b2:   0b 02 0f 85 46 ff ff ff f6 84 08 a7 00 00 00 02
0x000000010d2d80c2:   0f 85 38 ff ff ff 39 d6 0f 47 d6 e9 31 ff ff ff
0x000000010d2d80d2:   49 8b 46 10 48 8b 5d a0 48 01 d8 48 83 c4 48 5b
0x000000010d2d80e2:   41 5c 41 5d 41 5e 41 5f 5d c3 0f 1f 40 00 55 48
0x000000010d2d80f2:   89 e5 0f b7 8f 9c 00 00 00 0f b7 86 9c 00 00 00
0x000000010d2d8102:   f6 87 a7 00 00 00 02 75 10 f6 86 a7 00 00 00 02
0x000000010d2d8112:   75 07 39 c1 0f 47 c1 5d c3 0f af c1 5d c3 55 48
0x000000010d2d8122:   89 e5 41 57 41 56 41 55 41 54 53 48 83 ec 38 89
0x000000010d2d8132:   f1 49 89 fc 48 8b 47 38 89 f2 c1 ea 05 3b 10 73
0x000000010d2d8142:   10 be fe ff ff ff d3 c6 48 8b 40 08 89 d2 21 34
0x000000010d2d8152:   90 49 8b 44 24 10 89 ca 48 8d 3c 92 48 c1 e7 05
0x000000010d2d8162:   83 3c 38 00 0f 84 69 01 00 00 48 8d 14 38 48 c7
0x000000010d2d8172:   45 a0 00 00 00 00 48 be 00 00 00 00 04 00 00 00 


Stack slot to memory mapping:
stack at sp + 0 slots: 0x0 is NULL
stack at sp + 1 slots: 0x00007faf4af6211c points into unknown readable memory: 01 00 00 00
stack at sp + 2 slots: 0x000000000005d5c0 is an unknown value
stack at sp + 3 slots: 0x0000000c02c8a502 is an unknown value
stack at sp + 4 slots: 0x000000020000025b is an unknown value
stack at sp + 5 slots: 0x0000000b00000003 is an unknown value
stack at sp + 6 slots: 0x00007faf4d6398a0 points into unknown readable memory: 0x0000000000000000 | 00 00 00 00 00 00 00 00
stack at sp + 7 slots: 0x00007faf4ab465e0 points into unknown readable memory: 0x000000010da96898 | 98 68 a9 0d 01 00 00 00


---------------  P R O C E S S  ---------------

Threads class SMR info:
_java_thread_list=0x00007faf4dcefee0, length=48, elements={
0x00007faf4700b000, 0x00007faf4780da00, 0x00007faf47826800, 0x00007faf470d9000,
0x00007faf470db800, 0x00007faf470dbe00, 0x00007faf470dc400, 0x00007faf47824600,
0x00007faf47826e00, 0x00007faf47825c00, 0x00007faf48012200, 0x00007faf47be6600,
0x00007faf4a033a00, 0x00007faf49a7be00, 0x00007faf4a049a00, 0x00007faf47239200,
0x00007faf480f0800, 0x00007faf47239800, 0x00007faf47100800, 0x00007faf49a0d600,
0x00007faf48591e00, 0x00007faf474d3800, 0x00007faf49abe000, 0x00007faf498a8000,
0x00007faf478ee200, 0x00007faf484f9200, 0x00007faf4b5df200, 0x00007faf47b45a00,
0x00007faf4b5de200, 0x00007faf4b46f000, 0x00007faf4d191a00, 0x00007faf49fff800,
0x00007faf49859600, 0x00007faf4985de00, 0x00007faf4874b600, 0x00007faf4b2aae00,
0x00007faf4b2b6c00, 0x00007faf478ab200, 0x00007faf477b8e00, 0x00007faf4c014e00,
0x00007faf4d18e800, 0x00007faf4d18f600, 0x00007faf49b05a00, 0x00007faf4851ce00,
0x00007faf49ffd800, 0x00007faf47c53a00, 0x00007faf4b201200, 0x00007faf471a3600
}

Java Threads: ( => current thread )
  0x00007faf4700b000 JavaThread "main" [_thread_blocked, id=6659, stack(0x0000700006780000,0x0000700006880000)]
  0x00007faf4780da00 JavaThread "Reference Handler" daemon [_thread_blocked, id=14851, stack(0x0000700006e95000,0x0000700006f95000)]
  0x00007faf47826800 JavaThread "Finalizer" daemon [_thread_blocked, id=15363, stack(0x0000700006f98000,0x0000700007098000)]
  0x00007faf470d9000 JavaThread "Signal Dispatcher" daemon [_thread_blocked, id=22531, stack(0x00007000071a1000,0x00007000072a1000)]
  0x00007faf470db800 JavaThread "Service Thread" daemon [_thread_blocked, id=22787, stack(0x00007000072a4000,0x00007000073a4000)]
  0x00007faf470dbe00 JavaThread "Monitor Deflation Thread" daemon [_thread_blocked, id=23043, stack(0x00007000073a7000,0x00007000074a7000)]
=>0x00007faf470dc400 JavaThread "C2 CompilerThread0" daemon [_thread_in_native, id=41219, stack(0x00007000074aa000,0x00007000075aa000)]
  0x00007faf47824600 JavaThread "C1 CompilerThread0" daemon [_thread_blocked, id=40963, stack(0x00007000075ad000,0x00007000076ad000)]
  0x00007faf47826e00 JavaThread "Sweeper thread" daemon [_thread_blocked, id=23811, stack(0x00007000076b0000,0x00007000077b0000)]
  0x00007faf47825c00 JavaThread "Common-Cleaner" daemon [_thread_blocked, id=24323, stack(0x00007000077b3000,0x00007000078b3000)]
  0x00007faf48012200 JavaThread "Notification Thread" daemon [_thread_blocked, id=24579, stack(0x00007000078b6000,0x00007000079b6000)]
  0x00007faf47be6600 JavaThread "Daemon health stats" [_thread_blocked, id=42511, stack(0x0000700007dc5000,0x0000700007ec5000)]
  0x00007faf4a033a00 JavaThread "Incoming local TCP Connector on port 49338" [_thread_in_native, id=26887, stack(0x0000700007ec8000,0x0000700007fc8000)]
  0x00007faf49a7be00 JavaThread "Daemon" [_thread_blocked, id=39939, stack(0x0000700007fcb000,0x00007000080cb000)]
  0x00007faf4a049a00 JavaThread "Handler for socket connection from /127.0.0.1:49338 to /127.0.0.1:49339" [_thread_in_native, id=39427, stack(0x00007000080ce000,0x00007000081ce000)]
  0x00007faf47239200 JavaThread "Daemon periodic checks" [_thread_blocked, id=38915, stack(0x00007000081d1000,0x00007000082d1000)]
  0x00007faf480f0800 JavaThread "Cancel handler" [_thread_blocked, id=27651, stack(0x00007000082d4000,0x00007000083d4000)]
  0x00007faf47239800 JavaThread "Daemon worker" [_thread_in_native, id=27907, stack(0x00007000083d7000,0x00007000084d7000)]
  0x00007faf47100800 JavaThread "Asynchronous log dispatcher for DefaultDaemonConnection: socket connection from /127.0.0.1:49338 to /127.0.0.1:49339" [_thread_blocked, id=28163, stack(0x00007000084da000,0x00007000085da000)]
  0x00007faf49a0d600 JavaThread "Stdin handler" [_thread_blocked, id=37891, stack(0x00007000085dd000,0x00007000086dd000)]
  0x00007faf48591e00 JavaThread "Daemon client event forwarder" [_thread_blocked, id=28419, stack(0x00007000086e0000,0x00007000087e0000)]
  0x00007faf474d3800 JavaThread "Cache worker for journal cache (/Users/apple/.gradle/caches/journal-1)" [_thread_blocked, id=28675, stack(0x00007000087e3000,0x00007000088e3000)]
  0x00007faf49abe000 JavaThread "File lock request listener" [_thread_in_native, id=37123, stack(0x00007000088e6000,0x00007000089e6000)]
  0x00007faf498a8000 JavaThread "Cache worker for file hash cache (/Users/apple/.gradle/caches/8.14.1/fileHashes)" [_thread_blocked, id=36867, stack(0x00007000089e9000,0x0000700008ae9000)]
  0x00007faf478ee200 JavaThread "Cache worker for file hash cache (/Users/apple/Documents/Snipbyte/SparkKith/android/.gradle/8.14.1/fileHashes)" [_thread_blocked, id=36099, stack(0x0000700008bef000,0x0000700008cef000)]
  0x00007faf484f9200 JavaThread "Cache worker for Build Output Cleanup Cache (/Users/apple/Documents/Snipbyte/SparkKith/android/.gradle/buildOutputCleanup)" [_thread_blocked, id=29955, stack(0x0000700008cf2000,0x0000700008df2000)]
  0x00007faf4b5df200 JavaThread "jar transforms" [_thread_blocked, id=30723, stack(0x0000700008ffb000,0x00007000090fb000)]
  0x00007faf47b45a00 JavaThread "Cache worker for checksums cache (/Users/apple/Documents/Snipbyte/SparkKith/android/.gradle/8.14.1/checksums)" [_thread_blocked, id=30979, stack(0x00007000090fe000,0x00007000091fe000)]
  0x00007faf4b5de200 JavaThread "Cache worker for file content cache (/Users/apple/.gradle/caches/8.14.1/fileContent)" [_thread_blocked, id=34051, stack(0x0000700009201000,0x0000700009301000)]
  0x00007faf4b46f000 JavaThread "Cache worker for cache directory md-supplier (/Users/apple/.gradle/caches/8.14.1/md-supplier)" [_thread_blocked, id=31235, stack(0x0000700009304000,0x0000700009404000)]
  0x00007faf4d191a00 JavaThread "Cache worker for cache directory md-rule (/Users/apple/.gradle/caches/8.14.1/md-rule)" [_thread_blocked, id=33283, stack(0x0000700009407000,0x0000700009507000)]
  0x00007faf49fff800 JavaThread "Cache worker for Build Output Cleanup Cache (/Users/apple/Documents/Snipbyte/SparkKith/node_modules/@react-native/gradle-plugin/.gradle/buildOutputCleanup)" [_thread_blocked, id=31747, stack(0x000070000950a000,0x000070000960a000)]
  0x00007faf49859600 JavaThread "Unconstrained build operations" [_thread_blocked, id=32771, stack(0x000070000960d000,0x000070000970d000)]
  0x00007faf4985de00 JavaThread "Unconstrained build operations Thread 2" [_thread_blocked, id=32515, stack(0x0000700009710000,0x0000700009810000)]
  0x00007faf4874b600 JavaThread "Unconstrained build operations Thread 3" [_thread_blocked, id=87043, stack(0x0000700009813000,0x0000700009913000)]
  0x00007faf4b2aae00 JavaThread "Unconstrained build operations Thread 4" [_thread_blocked, id=86531, stack(0x0000700009916000,0x0000700009a16000)]
  0x00007faf4b2b6c00 JavaThread "Unconstrained build operations Thread 5" [_thread_blocked, id=86275, stack(0x0000700009a19000,0x0000700009b19000)]
  0x00007faf478ab200 JavaThread "Unconstrained build operations Thread 6" [_thread_blocked, id=44035, stack(0x0000700009b1c000,0x0000700009c1c000)]
  0x00007faf477b8e00 JavaThread "Unconstrained build operations Thread 7" [_thread_blocked, id=85507, stack(0x0000700009c1f000,0x0000700009d1f000)]
  0x00007faf4c014e00 JavaThread "Unconstrained build operations Thread 8" [_thread_blocked, id=84995, stack(0x0000700009d22000,0x0000700009e22000)]
  0x00007faf4d18e800 JavaThread "Unconstrained build operations Thread 9" [_thread_blocked, id=44291, stack(0x0000700009e25000,0x0000700009f25000)]
  0x00007faf4d18f600 JavaThread "Unconstrained build operations Thread 10" [_thread_blocked, id=44547, stack(0x0000700009f28000,0x000070000a028000)]
  0x00007faf49b05a00 JavaThread "Unconstrained build operations Thread 11" [_thread_blocked, id=45059, stack(0x000070000a02b000,0x000070000a12b000)]
  0x00007faf4851ce00 JavaThread "Unconstrained build operations Thread 12" [_thread_blocked, id=45315, stack(0x000070000a12e000,0x000070000a22e000)]
  0x00007faf49ffd800 JavaThread "Unconstrained build operations Thread 13" [_thread_blocked, id=83971, stack(0x000070000a231000,0x000070000a331000)]
  0x00007faf47c53a00 JavaThread "Unconstrained build operations Thread 14" [_thread_blocked, id=45827, stack(0x000070000a334000,0x000070000a434000)]
  0x00007faf4b201200 JavaThread "Unconstrained build operations Thread 15" [_thread_blocked, id=46339, stack(0x000070000a437000,0x000070000a537000)]
  0x00007faf471a3600 JavaThread "C2 CompilerThread1" daemon [_thread_in_native, id=30499, stack(0x0000700008ef8000,0x0000700008ff8000)]

Other Threads:
  0x00007faf46d162f0 VMThread "VM Thread" [stack: 0x0000700006d92000,0x0000700006e92000] [id=16643]
  0x00007faf46e17d10 WatcherThread [stack: 0x00007000079b9000,0x0000700007ab9000] [id=25091]
  0x00007faf46c1bbd0 GCTaskThread "GC Thread#0" [stack: 0x0000700006883000,0x0000700006983000] [id=12291]
  0x00007faf46d36c90 GCTaskThread "GC Thread#1" [stack: 0x0000700007abc000,0x0000700007bbc000] [id=25607]
  0x00007faf46e283d0 GCTaskThread "GC Thread#2" [stack: 0x0000700007bbf000,0x0000700007cbf000] [id=25859]
  0x00007faf46e28860 GCTaskThread "GC Thread#3" [stack: 0x0000700007cc2000,0x0000700007dc2000] [id=26371]
  0x00007faf46c1c9f0 ConcurrentGCThread "G1 Main Marker" [stack: 0x0000700006986000,0x0000700006a86000] [id=19715]
  0x00007faf46c1d750 ConcurrentGCThread "G1 Conc#0" [stack: 0x0000700006a89000,0x0000700006b89000] [id=13059]
  0x00007faf46c4e5f0 ConcurrentGCThread "G1 Refine#0" [stack: 0x0000700006b8c000,0x0000700006c8c000] [id=18435]
  0x00007faf4bbe8f70 ConcurrentGCThread "G1 Refine#1" [stack: 0x0000700008aec000,0x0000700008bec000] [id=36359]
  0x00007faf4b92c800 ConcurrentGCThread "G1 Refine#2" [stack: 0x0000700008df5000,0x0000700008ef5000] [id=35331]
  0x00007faf46f054a0 ConcurrentGCThread "G1 Service" [stack: 0x0000700006c8f000,0x0000700006d8f000] [id=18179]

Threads with active compile tasks:
C2 CompilerThread0    71299 6919   !   4       java.util.zip.ZipFile$ZipFileInflaterInputStream::close (67 bytes)
C2 CompilerThread1    71299 6945       4       org.objectweb.asm.Frame::getAbstractTypeFromDescriptor (432 bytes)

VM state: not at safepoint (normal execution)

VM Mutex/Monitor currently owned by a thread: None

Heap address: 0x0000000780000000, size: 2048 MB, Compressed Oops mode: Zero based, Oop shift amount: 3

CDS archive(s) mapped at: [0x000000012c000000-0x000000012cbe4000-0x000000012cbe4000), size 12468224, SharedBaseAddress: 0x000000012c000000, ArchiveRelocationMode: 1.
Compressed class space mapped at: 0x000000012d000000-0x0000000147000000, reserved size: 436207616
Narrow klass base: 0x000000012c000000, Narrow klass shift: 0, Narrow klass range: 0x100000000

GC Precious Log:
 CPUs: 4 total, 4 available
 Memory: 16384M
 Large Page Support: Disabled
 NUMA Support: Disabled
 Compressed Oops: Enabled (Zero based)
 Heap Region Size: 1M
 Heap Min Capacity: 8M
 Heap Initial Capacity: 256M
 Heap Max Capacity: 2G
 Pre-touch: Disabled
 Parallel Workers: 4
 Concurrent Workers: 1
 Concurrent Refinement Workers: 4
 Periodic GC: Disabled

Heap:
 garbage-first heap   total 109568K, used 66267K [0x0000000780000000, 0x0000000800000000)
  region size 1024K, 11 young (11264K), 2 survivors (2048K)
 Metaspace       used 60630K, committed 61312K, reserved 491520K
  class space    used 8511K, committed 8832K, reserved 425984K

Heap Regions: E=young(eden), S=young(survivor), O=old, HS=humongous(starts), HC=humongous(continues), CS=collection set, F=free, OA=open archive, CA=closed archive, TAMS=top-at-mark-start (previous, next)
|   0|0x0000000780000000, 0x0000000780100000, 0x0000000780100000|100%|HS|  |TAMS 0x0000000780100000, 0x0000000780000000| Complete 
|   1|0x0000000780100000, 0x0000000780200000, 0x0000000780200000|100%|HC|  |TAMS 0x0000000780200000, 0x0000000780100000| Complete 
|   2|0x0000000780200000, 0x0000000780300000, 0x0000000780300000|100%|HC|  |TAMS 0x0000000780300000, 0x0000000780200000| Complete 
|   3|0x0000000780300000, 0x0000000780400000, 0x0000000780400000|100%| O|  |TAMS 0x0000000780400000, 0x0000000780300000| Untracked 
|   4|0x0000000780400000, 0x0000000780500000, 0x0000000780500000|100%| O|  |TAMS 0x0000000780500000, 0x0000000780400000| Untracked 
|   5|0x0000000780500000, 0x0000000780600000, 0x0000000780600000|100%| O|  |TAMS 0x0000000780600000, 0x0000000780500000| Untracked 
|   6|0x0000000780600000, 0x0000000780700000, 0x0000000780700000|100%|HS|  |TAMS 0x0000000780700000, 0x0000000780600000| Complete 
|   7|0x0000000780700000, 0x0000000780800000, 0x0000000780800000|100%| O|  |TAMS 0x0000000780800000, 0x0000000780700000| Untracked 
|   8|0x0000000780800000, 0x0000000780900000, 0x0000000780900000|100%| O|  |TAMS 0x0000000780900000, 0x0000000780800000| Untracked 
|   9|0x0000000780900000, 0x0000000780a00000, 0x0000000780a00000|100%| O|  |TAMS 0x0000000780a00000, 0x0000000780900000| Untracked 
|  10|0x0000000780a00000, 0x0000000780b00000, 0x0000000780b00000|100%| O|  |TAMS 0x0000000780b00000, 0x0000000780a00000| Untracked 
|  11|0x0000000780b00000, 0x0000000780c00000, 0x0000000780c00000|100%| O|  |TAMS 0x0000000780c00000, 0x0000000780b00000| Untracked 
|  12|0x0000000780c00000, 0x0000000780d00000, 0x0000000780d00000|100%| O|  |TAMS 0x0000000780d00000, 0x0000000780c00000| Untracked 
|  13|0x0000000780d00000, 0x0000000780e00000, 0x0000000780e00000|100%| O|  |TAMS 0x0000000780e00000, 0x0000000780d00000| Untracked 
|  14|0x0000000780e00000, 0x0000000780f00000, 0x0000000780f00000|100%| O|  |TAMS 0x0000000780f00000, 0x0000000780e00000| Untracked 
|  15|0x0000000780f00000, 0x0000000781000000, 0x0000000781000000|100%| O|  |TAMS 0x0000000781000000, 0x0000000780f00000| Untracked 
|  16|0x0000000781000000, 0x0000000781100000, 0x0000000781100000|100%| O|  |TAMS 0x0000000781100000, 0x0000000781000000| Untracked 
|  17|0x0000000781100000, 0x0000000781200000, 0x0000000781200000|100%| O|  |TAMS 0x0000000781200000, 0x0000000781100000| Untracked 
|  18|0x0000000781200000, 0x0000000781300000, 0x0000000781300000|100%| O|  |TAMS 0x0000000781300000, 0x0000000781200000| Untracked 
|  19|0x0000000781300000, 0x0000000781400000, 0x0000000781400000|100%| O|  |TAMS 0x0000000781400000, 0x0000000781300000| Untracked 
|  20|0x0000000781400000, 0x0000000781500000, 0x0000000781500000|100%| O|  |TAMS 0x0000000781500000, 0x0000000781400000| Untracked 
|  21|0x0000000781500000, 0x0000000781600000, 0x0000000781600000|100%| O|  |TAMS 0x0000000781600000, 0x0000000781500000| Untracked 
|  22|0x0000000781600000, 0x0000000781700000, 0x0000000781700000|100%| O|  |TAMS 0x0000000781700000, 0x0000000781600000| Untracked 
|  23|0x0000000781700000, 0x0000000781800000, 0x0000000781800000|100%| O|  |TAMS 0x0000000781800000, 0x0000000781700000| Untracked 
|  24|0x0000000781800000, 0x0000000781900000, 0x0000000781900000|100%| O|  |TAMS 0x0000000781900000, 0x0000000781800000| Untracked 
|  25|0x0000000781900000, 0x0000000781a00000, 0x0000000781a00000|100%| O|  |TAMS 0x0000000781a00000, 0x0000000781900000| Untracked 
|  26|0x0000000781a00000, 0x0000000781a00000, 0x0000000781b00000|  0%| F|  |TAMS 0x0000000781a00000, 0x0000000781a00000| Untracked 
|  27|0x0000000781b00000, 0x0000000781c00000, 0x0000000781c00000|100%| O|  |TAMS 0x0000000781c00000, 0x0000000781b00000| Untracked 
|  28|0x0000000781c00000, 0x0000000781d00000, 0x0000000781d00000|100%| O|  |TAMS 0x0000000781d00000, 0x0000000781c00000| Untracked 
|  29|0x0000000781d00000, 0x0000000781e00000, 0x0000000781e00000|100%| O|  |TAMS 0x0000000781e00000, 0x0000000781d00000| Untracked 
|  30|0x0000000781e00000, 0x0000000781f00000, 0x0000000781f00000|100%| O|  |TAMS 0x0000000781f00000, 0x0000000781e00000| Untracked 
|  31|0x0000000781f00000, 0x0000000782000000, 0x0000000782000000|100%| O|  |TAMS 0x0000000782000000, 0x0000000781f00000| Untracked 
|  32|0x0000000782000000, 0x0000000782100000, 0x0000000782100000|100%| O|  |TAMS 0x0000000782100000, 0x0000000782000000| Untracked 
|  33|0x0000000782100000, 0x0000000782200000, 0x0000000782200000|100%| O|  |TAMS 0x0000000782200000, 0x0000000782100000| Untracked 
|  34|0x0000000782200000, 0x0000000782300000, 0x0000000782300000|100%| O|  |TAMS 0x0000000782300000, 0x0000000782200000| Untracked 
|  35|0x0000000782300000, 0x0000000782400000, 0x0000000782400000|100%| O|  |TAMS 0x0000000782400000, 0x0000000782300000| Untracked 
|  36|0x0000000782400000, 0x0000000782500000, 0x0000000782500000|100%| O|  |TAMS 0x0000000782500000, 0x0000000782400000| Untracked 
|  37|0x0000000782500000, 0x0000000782600000, 0x0000000782600000|100%| O|  |TAMS 0x0000000782600000, 0x0000000782500000| Untracked 
|  38|0x0000000782600000, 0x0000000782700000, 0x0000000782700000|100%| O|  |TAMS 0x0000000782700000, 0x0000000782600000| Untracked 
|  39|0x0000000782700000, 0x0000000782800000, 0x0000000782800000|100%| O|  |TAMS 0x0000000782800000, 0x0000000782700000| Untracked 
|  40|0x0000000782800000, 0x0000000782900000, 0x0000000782900000|100%| O|  |TAMS 0x0000000782900000, 0x0000000782800000| Untracked 
|  41|0x0000000782900000, 0x0000000782a00000, 0x0000000782a00000|100%| O|  |TAMS 0x0000000782a00000, 0x0000000782900000| Complete 
|  42|0x0000000782a00000, 0x0000000782b00000, 0x0000000782b00000|100%| O|  |TAMS 0x0000000782b00000, 0x0000000782a00000| Untracked 
|  43|0x0000000782b00000, 0x0000000782c00000, 0x0000000782c00000|100%| O|  |TAMS 0x0000000782c00000, 0x0000000782b00000| Untracked 
|  44|0x0000000782c00000, 0x0000000782d00000, 0x0000000782d00000|100%| O|  |TAMS 0x0000000782d00000, 0x0000000782c00000| Untracked 
|  45|0x0000000782d00000, 0x0000000782e00000, 0x0000000782e00000|100%| O|  |TAMS 0x0000000782e00000, 0x0000000782d00000| Untracked 
|  46|0x0000000782e00000, 0x0000000782f00000, 0x0000000782f00000|100%| O|  |TAMS 0x0000000782f00000, 0x0000000782e00000| Untracked 
|  47|0x0000000782f00000, 0x0000000783000000, 0x0000000783000000|100%| O|  |TAMS 0x0000000783000000, 0x0000000782f00000| Untracked 
|  48|0x0000000783000000, 0x0000000783100000, 0x0000000783100000|100%| O|  |TAMS 0x0000000783100000, 0x0000000783000000| Untracked 
|  49|0x0000000783100000, 0x0000000783150c00, 0x0000000783200000| 31%| O|  |TAMS 0x0000000783150c00, 0x0000000783100000| Untracked 
|  50|0x0000000783200000, 0x0000000783300000, 0x0000000783300000|100%|HS|  |TAMS 0x0000000783200000, 0x0000000783200000| Complete 
|  51|0x0000000783300000, 0x0000000783400000, 0x0000000783400000|100%|HC|  |TAMS 0x0000000783300000, 0x0000000783300000| Complete 
|  52|0x0000000783400000, 0x0000000783500000, 0x0000000783500000|100%|HC|  |TAMS 0x0000000783400000, 0x0000000783400000| Complete 
|  53|0x0000000783500000, 0x0000000783600000, 0x0000000783600000|100%|HS|  |TAMS 0x0000000783500000, 0x0000000783500000| Complete 
|  54|0x0000000783600000, 0x0000000783700000, 0x0000000783700000|100%|HC|  |TAMS 0x0000000783600000, 0x0000000783600000| Complete 
|  55|0x0000000783700000, 0x0000000783800000, 0x0000000783800000|100%|HC|  |TAMS 0x0000000783700000, 0x0000000783700000| Complete 
|  56|0x0000000783800000, 0x0000000783800000, 0x0000000783900000|  0%| F|  |TAMS 0x0000000783800000, 0x0000000783800000| Untracked 
|  57|0x0000000783900000, 0x0000000783900000, 0x0000000783a00000|  0%| F|  |TAMS 0x0000000783900000, 0x0000000783900000| Untracked 
|  58|0x0000000783a00000, 0x0000000783a00000, 0x0000000783b00000|  0%| F|  |TAMS 0x0000000783a00000, 0x0000000783a00000| Untracked 
|  59|0x0000000783b00000, 0x0000000783b00000, 0x0000000783c00000|  0%| F|  |TAMS 0x0000000783b00000, 0x0000000783b00000| Untracked 
|  60|0x0000000783c00000, 0x0000000783c00000, 0x0000000783d00000|  0%| F|  |TAMS 0x0000000783c00000, 0x0000000783c00000| Untracked 
|  61|0x0000000783d00000, 0x0000000783d00000, 0x0000000783e00000|  0%| F|  |TAMS 0x0000000783d00000, 0x0000000783d00000| Untracked 
|  62|0x0000000783e00000, 0x0000000783e00000, 0x0000000783f00000|  0%| F|  |TAMS 0x0000000783e00000, 0x0000000783e00000| Untracked 
|  63|0x0000000783f00000, 0x0000000783f00000, 0x0000000784000000|  0%| F|  |TAMS 0x0000000783f00000, 0x0000000783f00000| Untracked 
|  64|0x0000000784000000, 0x0000000784000000, 0x0000000784100000|  0%| F|  |TAMS 0x0000000784000000, 0x0000000784000000| Untracked 
|  65|0x0000000784100000, 0x0000000784100000, 0x0000000784200000|  0%| F|  |TAMS 0x0000000784100000, 0x0000000784100000| Untracked 
|  66|0x0000000784200000, 0x0000000784200000, 0x0000000784300000|  0%| F|  |TAMS 0x0000000784200000, 0x0000000784200000| Untracked 
|  67|0x0000000784300000, 0x0000000784300000, 0x0000000784400000|  0%| F|  |TAMS 0x0000000784300000, 0x0000000784300000| Untracked 
|  68|0x0000000784400000, 0x0000000784400000, 0x0000000784500000|  0%| F|  |TAMS 0x0000000784400000, 0x0000000784400000| Untracked 
|  69|0x0000000784500000, 0x0000000784500000, 0x0000000784600000|  0%| F|  |TAMS 0x0000000784500000, 0x0000000784500000| Untracked 
|  70|0x0000000784600000, 0x0000000784600000, 0x0000000784700000|  0%| F|  |TAMS 0x0000000784600000, 0x0000000784600000| Untracked 
|  71|0x0000000784700000, 0x0000000784700000, 0x0000000784800000|  0%| F|  |TAMS 0x0000000784700000, 0x0000000784700000| Untracked 
|  72|0x0000000784800000, 0x0000000784800000, 0x0000000784900000|  0%| F|  |TAMS 0x0000000784800000, 0x0000000784800000| Untracked 
|  73|0x0000000784900000, 0x0000000784900000, 0x0000000784a00000|  0%| F|  |TAMS 0x0000000784900000, 0x0000000784900000| Untracked 
|  74|0x0000000784a00000, 0x0000000784a00000, 0x0000000784b00000|  0%| F|  |TAMS 0x0000000784a00000, 0x0000000784a00000| Untracked 
|  75|0x0000000784b00000, 0x0000000784b00000, 0x0000000784c00000|  0%| F|  |TAMS 0x0000000784b00000, 0x0000000784b00000| Untracked 
|  76|0x0000000784c00000, 0x0000000784c00000, 0x0000000784d00000|  0%| F|  |TAMS 0x0000000784c00000, 0x0000000784c00000| Untracked 
|  77|0x0000000784d00000, 0x0000000784d00000, 0x0000000784e00000|  0%| F|  |TAMS 0x0000000784d00000, 0x0000000784d00000| Untracked 
|  78|0x0000000784e00000, 0x0000000784e00000, 0x0000000784f00000|  0%| F|  |TAMS 0x0000000784e00000, 0x0000000784e00000| Untracked 
|  79|0x0000000784f00000, 0x0000000784f00000, 0x0000000785000000|  0%| F|  |TAMS 0x0000000784f00000, 0x0000000784f00000| Untracked 
|  80|0x0000000785000000, 0x0000000785000000, 0x0000000785100000|  0%| F|  |TAMS 0x0000000785000000, 0x0000000785000000| Untracked 
|  81|0x0000000785100000, 0x0000000785100000, 0x0000000785200000|  0%| F|  |TAMS 0x0000000785100000, 0x0000000785100000| Untracked 
|  82|0x0000000785200000, 0x0000000785200000, 0x0000000785300000|  0%| F|  |TAMS 0x0000000785200000, 0x0000000785200000| Untracked 
|  83|0x0000000785300000, 0x0000000785300000, 0x0000000785400000|  0%| F|  |TAMS 0x0000000785300000, 0x0000000785300000| Untracked 
|  84|0x0000000785400000, 0x0000000785400000, 0x0000000785500000|  0%| F|  |TAMS 0x0000000785400000, 0x0000000785400000| Untracked 
|  85|0x0000000785500000, 0x0000000785500000, 0x0000000785600000|  0%| F|  |TAMS 0x0000000785500000, 0x0000000785500000| Untracked 
|  86|0x0000000785600000, 0x0000000785600000, 0x0000000785700000|  0%| F|  |TAMS 0x0000000785600000, 0x0000000785600000| Untracked 
|  87|0x0000000785700000, 0x0000000785700000, 0x0000000785800000|  0%| F|  |TAMS 0x0000000785700000, 0x0000000785700000| Untracked 
|  88|0x0000000785800000, 0x0000000785800000, 0x0000000785900000|  0%| F|  |TAMS 0x0000000785800000, 0x0000000785800000| Untracked 
|  89|0x0000000785900000, 0x0000000785900000, 0x0000000785a00000|  0%| F|  |TAMS 0x0000000785900000, 0x0000000785900000| Untracked 
|  90|0x0000000785a00000, 0x0000000785a00000, 0x0000000785b00000|  0%| F|  |TAMS 0x0000000785a00000, 0x0000000785a00000| Untracked 
|  91|0x0000000785b00000, 0x0000000785b00000, 0x0000000785c00000|  0%| F|  |TAMS 0x0000000785b00000, 0x0000000785b00000| Untracked 
|  92|0x0000000785c00000, 0x0000000785c00000, 0x0000000785d00000|  0%| F|  |TAMS 0x0000000785c00000, 0x0000000785c00000| Untracked 
|  93|0x0000000785d00000, 0x0000000785d434a8, 0x0000000785e00000| 26%| E|  |TAMS 0x0000000785d00000, 0x0000000785d00000| Complete 
|  94|0x0000000785e00000, 0x0000000785f00000, 0x0000000785f00000|100%| E|CS|TAMS 0x0000000785e00000, 0x0000000785e00000| Complete 
|  95|0x0000000785f00000, 0x0000000786000000, 0x0000000786000000|100%| E|CS|TAMS 0x0000000785f00000, 0x0000000785f00000| Complete 
|  96|0x0000000786000000, 0x0000000786100000, 0x0000000786100000|100%| E|CS|TAMS 0x0000000786000000, 0x0000000786000000| Complete 
|  97|0x0000000786100000, 0x0000000786200000, 0x0000000786200000|100%| E|CS|TAMS 0x0000000786100000, 0x0000000786100000| Complete 
|  98|0x0000000786200000, 0x0000000786300000, 0x0000000786300000|100%| E|CS|TAMS 0x0000000786200000, 0x0000000786200000| Complete 
|  99|0x0000000786300000, 0x0000000786400000, 0x0000000786400000|100%| E|CS|TAMS 0x0000000786300000, 0x0000000786300000| Complete 
| 100|0x0000000786400000, 0x00000007864703e0, 0x0000000786500000| 43%| S|CS|TAMS 0x0000000786400000, 0x0000000786400000| Complete 
| 101|0x0000000786500000, 0x0000000786600000, 0x0000000786600000|100%| S|CS|TAMS 0x0000000786500000, 0x0000000786500000| Complete 
| 102|0x0000000786600000, 0x0000000786700000, 0x0000000786700000|100%| E|CS|TAMS 0x0000000786600000, 0x0000000786600000| Complete 
| 103|0x0000000786700000, 0x0000000786800000, 0x0000000786800000|100%| E|CS|TAMS 0x0000000786700000, 0x0000000786700000| Complete 
| 255|0x000000078ff00000, 0x0000000790000000, 0x0000000790000000|100%| E|CS|TAMS 0x000000078ff00000, 0x000000078ff00000| Complete 
|2046|0x00000007ffe00000, 0x00000007ffe76000, 0x00000007fff00000| 46%|OA|  |TAMS 0x00000007ffe76000, 0x00000007ffe00000| Untracked 
|2047|0x00000007fff00000, 0x00000007fff80000, 0x0000000800000000| 50%|CA|  |TAMS 0x00000007fff80000, 0x00000007fff00000| Untracked 

Card table byte_map: [0x000000010e44a000,0x000000010e84a000] _byte_map_base: 0x000000010a84a000

Marking Bits (Prev, Next): (CMBitMap*) 0x00007faf47027850, (CMBitMap*) 0x00007faf47027810
 Prev Bits: [0x0000000127554000, 0x0000000129554000)
 Next Bits: [0x0000000125554000, 0x0000000127554000)

Polling page: 0x000000010c49d000

Metaspace:

Usage:
  Non-class:     50.90 MB used.
      Class:      8.31 MB used.
       Both:     59.22 MB used.

Virtual space:
  Non-class space:       64.00 MB reserved,      51.25 MB ( 80%) committed,  1 nodes.
      Class space:      416.00 MB reserved,       8.62 MB (  2%) committed,  1 nodes.
             Both:      480.00 MB reserved,      59.88 MB ( 12%) committed. 

Chunk freelists:
   Non-Class:  12.69 MB
       Class:  7.34 MB
        Both:  20.03 MB

MaxMetaspaceSize: 512.00 MB
CompressedClassSpaceSize: 416.00 MB
Initial GC threshold: 21.00 MB
Current GC threshold: 99.19 MB
CDS: on
MetaspaceReclaimPolicy: balanced
 - commit_granule_bytes: 65536.
 - commit_granule_words: 8192.
 - virtual_space_node_default_size: 8388608.
 - enlarge_chunks_in_place: 1.
 - new_chunks_are_fully_committed: 0.
 - uncommit_free_chunks: 1.
 - use_allocation_guard: 0.
 - handle_deallocations: 1.


Internal statistics:

num_allocs_failed_limit: 6.
num_arena_births: 752.
num_arena_deaths: 0.
num_vsnodes_births: 2.
num_vsnodes_deaths: 0.
num_space_committed: 958.
num_space_uncommitted: 0.
num_chunks_returned_to_freelist: 6.
num_chunks_taken_from_freelist: 3063.
num_chunk_merges: 6.
num_chunk_splits: 2037.
num_chunks_enlarged: 1386.
num_inconsistent_stats: 0.

CodeHeap 'non-profiled nmethods': size=120032Kb used=2913Kb max_used=2984Kb free=117118Kb
 bounds [0x000000011e01c000, 0x000000011e31c000, 0x0000000125554000]
CodeHeap 'profiled nmethods': size=120028Kb used=11594Kb max_used=11594Kb free=108433Kb
 bounds [0x0000000116554000, 0x00000001170b4000, 0x000000011da8b000]
CodeHeap 'non-nmethods': size=5700Kb used=2393Kb max_used=2421Kb free=3306Kb
 bounds [0x000000011da8b000, 0x000000011dcfb000, 0x000000011e01c000]
 total_blobs=6951 nmethods=6034 adapters=827
 compilation: enabled
              stopped_count=0, restarted_count=0
 full_count=0

Compilation events (20 events):
Event: 70.772 Thread 0x00007faf47824600 nmethod 6932 0x00000001170a5390 code [0x00000001170a5580, 0x00000001170a5a80]
Event: 70.833 Thread 0x00007faf471a3600 nmethod 6917 0x000000011e1d6a10 code [0x000000011e1d6ba0, 0x000000011e1d74b8]
Event: 70.833 Thread 0x00007faf471a3600 6921       4       org.gradle.internal.instantiation.generator.AbstractClassGenerator$ClassGenerationHandler::visitProperty (1 bytes)
Event: 70.833 Thread 0x00007faf471a3600 nmethod 6921 0x000000011e1d6710 code [0x000000011e1d6880, 0x000000011e1d68f8]
Event: 70.871 Thread 0x00007faf471a3600 6933       4       jdk.internal.loader.BuiltinClassLoader::hasClassPath (13 bytes)
Event: 70.872 Thread 0x00007faf471a3600 nmethod 6933 0x000000011e1d6410 code [0x000000011e1d6580, 0x000000011e1d6618]
Event: 70.873 Thread 0x00007faf471a3600 6934       4       sun.net.www.ParseUtil::encodePath (41 bytes)
Event: 70.888 Thread 0x00007faf471a3600 nmethod 6934 0x000000011e26e490 code [0x000000011e26e620, 0x000000011e26e8e8]
Event: 70.888 Thread 0x00007faf471a3600 6935       4       java.util.concurrent.locks.AbstractQueuedSynchronizer$ConditionObject::awaitNanos (200 bytes)
Event: 70.922 Thread 0x00007faf471a3600 nmethod 6935 0x000000011e26cd90 code [0x000000011e26cf80, 0x000000011e26dc48]
Event: 71.018 Thread 0x00007faf47824600 6936       1       java.lang.management.DefaultPlatformMBeanProvider$7::mbeanInterfaceNames (5 bytes)
Event: 71.019 Thread 0x00007faf47824600 nmethod 6936 0x000000011e1d5f10 code [0x000000011e1d60a0, 0x000000011e1d6170]
Event: 71.019 Thread 0x00007faf47824600 6937       1       com.sun.management.internal.PlatformMBeanProviderImpl$2::mbeanInterfaceNames (5 bytes)
Event: 71.019 Thread 0x00007faf47824600 nmethod 6937 0x000000011e26ca90 code [0x000000011e26cc20, 0x000000011e26ccf0]
Event: 71.019 Thread 0x00007faf47824600 6938       1       com.sun.management.internal.PlatformMBeanProviderImpl$3::mbeanInterfaceNames (5 bytes)
Event: 71.019 Thread 0x00007faf47824600 nmethod 6938 0x000000011e26c790 code [0x000000011e26c920, 0x000000011e26c9f0]
Event: 71.019 Thread 0x00007faf47824600 6939       1       java.lang.management.DefaultPlatformMBeanProvider$5::mbeanInterfaceNames (5 bytes)
Event: 71.020 Thread 0x00007faf47824600 nmethod 6939 0x000000011e26c490 code [0x000000011e26c620, 0x000000011e26c6f0]
Event: 71.020 Thread 0x00007faf47824600 6940       1       java.lang.management.DefaultPlatformMBeanProvider$6::mbeanInterfaceNames (5 bytes)
Event: 71.020 Thread 0x00007faf47824600 nmethod 6940 0x000000011e26c190 code [0x000000011e26c320, 0x000000011e26c3f0]

GC Heap History (20 events):
Event: 48.047 GC heap before
{Heap before GC invocations=10 (full 0):
 garbage-first heap   total 89088K, used 68432K [0x0000000780000000, 0x0000000800000000)
  region size 1024K, 36 young (36864K), 3 survivors (3072K)
 Metaspace       used 38678K, committed 39168K, reserved 491520K
  class space    used 5386K, committed 5632K, reserved 425984K
}
Event: 48.056 GC heap after
{Heap after GC invocations=11 (full 0):
 garbage-first heap   total 89088K, used 34683K [0x0000000780000000, 0x0000000800000000)
  region size 1024K, 3 young (3072K), 3 survivors (3072K)
 Metaspace       used 38678K, committed 39168K, reserved 491520K
  class space    used 5386K, committed 5632K, reserved 425984K
}
Event: 51.897 GC heap before
{Heap before GC invocations=11 (full 0):
 garbage-first heap   total 89088K, used 67451K [0x0000000780000000, 0x0000000800000000)
  region size 1024K, 35 young (35840K), 3 survivors (3072K)
 Metaspace       used 42003K, committed 42496K, reserved 491520K
  class space    used 5910K, committed 6144K, reserved 425984K
}
Event: 51.913 GC heap after
{Heap after GC invocations=12 (full 0):
 garbage-first heap   total 89088K, used 35936K [0x0000000780000000, 0x0000000800000000)
  region size 1024K, 4 young (4096K), 4 survivors (4096K)
 Metaspace       used 42003K, committed 42496K, reserved 491520K
  class space    used 5910K, committed 6144K, reserved 425984K
}
Event: 56.922 GC heap before
{Heap before GC invocations=12 (full 0):
 garbage-first heap   total 89088K, used 68704K [0x0000000780000000, 0x0000000800000000)
  region size 1024K, 36 young (36864K), 4 survivors (4096K)
 Metaspace       used 49480K, committed 50048K, reserved 491520K
  class space    used 6870K, committed 7104K, reserved 425984K
}
Event: 56.931 GC heap after
{Heap after GC invocations=13 (full 0):
 garbage-first heap   total 89088K, used 39408K [0x0000000780000000, 0x0000000800000000)
  region size 1024K, 5 young (5120K), 5 survivors (5120K)
 Metaspace       used 49480K, committed 50048K, reserved 491520K
  class space    used 6870K, committed 7104K, reserved 425984K
}
Event: 59.391 GC heap before
{Heap before GC invocations=13 (full 0):
 garbage-first heap   total 89088K, used 69104K [0x0000000780000000, 0x0000000800000000)
  region size 1024K, 34 young (34816K), 5 survivors (5120K)
 Metaspace       used 52350K, committed 52928K, reserved 491520K
  class space    used 7309K, committed 7552K, reserved 425984K
}
Event: 59.399 GC heap after
{Heap after GC invocations=14 (full 0):
 garbage-first heap   total 89088K, used 41871K [0x0000000780000000, 0x0000000800000000)
  region size 1024K, 3 young (3072K), 3 survivors (3072K)
 Metaspace       used 52350K, committed 52928K, reserved 491520K
  class space    used 7309K, committed 7552K, reserved 425984K
}
Event: 62.822 GC heap before
{Heap before GC invocations=14 (full 0):
 garbage-first heap   total 89088K, used 68495K [0x0000000780000000, 0x0000000800000000)
  region size 1024K, 30 young (30720K), 3 survivors (3072K)
 Metaspace       used 55869K, committed 56384K, reserved 491520K
  class space    used 7805K, committed 8064K, reserved 425984K
}
Event: 62.828 GC heap after
{Heap after GC invocations=15 (full 0):
 garbage-first heap   total 89088K, used 43386K [0x0000000780000000, 0x0000000800000000)
  region size 1024K, 2 young (2048K), 2 survivors (2048K)
 Metaspace       used 55869K, committed 56384K, reserved 491520K
  class space    used 7805K, committed 8064K, reserved 425984K
}
Event: 66.215 GC heap before
{Heap before GC invocations=16 (full 0):
 garbage-first heap   total 89088K, used 71034K [0x0000000780000000, 0x0000000800000000)
  region size 1024K, 29 young (29696K), 2 survivors (2048K)
 Metaspace       used 58311K, committed 58880K, reserved 491520K
  class space    used 8222K, committed 8448K, reserved 425984K
}
Event: 66.221 GC heap after
{Heap after GC invocations=17 (full 0):
 garbage-first heap   total 89088K, used 45210K [0x0000000780000000, 0x0000000800000000)
  region size 1024K, 4 young (4096K), 4 survivors (4096K)
 Metaspace       used 58311K, committed 58880K, reserved 491520K
  class space    used 8222K, committed 8448K, reserved 425984K
}
Event: 68.290 GC heap before
{Heap before GC invocations=17 (full 0):
 garbage-first heap   total 89088K, used 70810K [0x0000000780000000, 0x0000000800000000)
  region size 1024K, 29 young (29696K), 4 survivors (4096K)
 Metaspace       used 59363K, committed 59968K, reserved 491520K
  class space    used 8349K, committed 8640K, reserved 425984K
}
Event: 68.306 GC heap after
{Heap after GC invocations=18 (full 0):
 garbage-first heap   total 89088K, used 49120K [0x0000000780000000, 0x0000000800000000)
  region size 1024K, 4 young (4096K), 4 survivors (4096K)
 Metaspace       used 59363K, committed 59968K, reserved 491520K
  class space    used 8349K, committed 8640K, reserved 425984K
}
Event: 69.905 GC heap before
{Heap before GC invocations=19 (full 0):
 garbage-first heap   total 109568K, used 66528K [0x0000000780000000, 0x0000000800000000)
  region size 1024K, 22 young (22528K), 4 survivors (4096K)
 Metaspace       used 60068K, committed 60672K, reserved 491520K
  class space    used 8429K, committed 8704K, reserved 425984K
}
Event: 69.914 GC heap after
{Heap after GC invocations=20 (full 0):
 garbage-first heap   total 109568K, used 51651K [0x0000000780000000, 0x0000000800000000)
  region size 1024K, 3 young (3072K), 3 survivors (3072K)
 Metaspace       used 60068K, committed 60672K, reserved 491520K
  class space    used 8429K, committed 8704K, reserved 425984K
}
Event: 69.988 GC heap before
{Heap before GC invocations=20 (full 0):
 garbage-first heap   total 109568K, used 53699K [0x0000000780000000, 0x0000000800000000)
  region size 1024K, 5 young (5120K), 3 survivors (3072K)
 Metaspace       used 60076K, committed 60672K, reserved 491520K
  class space    used 8429K, committed 8704K, reserved 425984K
}
Event: 69.993 GC heap after
{Heap after GC invocations=21 (full 0):
 garbage-first heap   total 109568K, used 51483K [0x0000000780000000, 0x0000000800000000)
  region size 1024K, 1 young (1024K), 1 survivors (1024K)
 Metaspace       used 60076K, committed 60672K, reserved 491520K
  class space    used 8429K, committed 8704K, reserved 425984K
}
Event: 70.032 GC heap before
{Heap before GC invocations=21 (full 0):
 garbage-first heap   total 109568K, used 52507K [0x0000000780000000, 0x0000000800000000)
  region size 1024K, 3 young (3072K), 1 survivors (1024K)
 Metaspace       used 60087K, committed 60672K, reserved 491520K
  class space    used 8429K, committed 8704K, reserved 425984K
}
Event: 70.035 GC heap after
{Heap after GC invocations=22 (full 0):
 garbage-first heap   total 109568K, used 51931K [0x0000000780000000, 0x0000000800000000)
  region size 1024K, 2 young (2048K), 2 survivors (2048K)
 Metaspace       used 60087K, committed 60672K, reserved 491520K
  class space    used 8429K, committed 8704K, reserved 425984K
}

Deoptimization events (20 events):
Event: 68.370 Thread 0x00007faf498a8000 DEOPT PACKING pc=0x0000000116f80b73 sp=0x0000700008ae7880
Event: 68.370 Thread 0x00007faf498a8000 DEOPT UNPACKING pc=0x000000011dadd82f sp=0x0000700008ae6d60 mode 0
Event: 68.392 Thread 0x00007faf498a8000 DEOPT PACKING pc=0x0000000116f80b73 sp=0x0000700008ae7880
Event: 68.392 Thread 0x00007faf498a8000 DEOPT UNPACKING pc=0x000000011dadd82f sp=0x0000700008ae6d60 mode 0
Event: 68.492 Thread 0x00007faf498a8000 DEOPT PACKING pc=0x0000000116f80b73 sp=0x0000700008ae7880
Event: 68.492 Thread 0x00007faf498a8000 DEOPT UNPACKING pc=0x000000011dadd82f sp=0x0000700008ae6d60 mode 0
Event: 68.619 Thread 0x00007faf49ffd800 DEOPT PACKING pc=0x00000001167356b2 sp=0x000070000a32f4c0
Event: 68.619 Thread 0x00007faf49ffd800 DEOPT UNPACKING pc=0x000000011dadd82f sp=0x000070000a32e9f0 mode 0
Event: 68.654 Thread 0x00007faf474d3800 DEOPT PACKING pc=0x0000000116f80b73 sp=0x00007000088e1a70
Event: 68.654 Thread 0x00007faf474d3800 DEOPT UNPACKING pc=0x000000011dadd82f sp=0x00007000088e0f50 mode 0
Event: 68.804 Thread 0x00007faf474d3800 DEOPT PACKING pc=0x0000000116f80b73 sp=0x00007000088e1a70
Event: 68.804 Thread 0x00007faf474d3800 DEOPT UNPACKING pc=0x000000011dadd82f sp=0x00007000088e0f50 mode 0
Event: 68.825 Thread 0x00007faf498a8000 DEOPT PACKING pc=0x0000000116f80b73 sp=0x0000700008ae77b0
Event: 68.825 Thread 0x00007faf498a8000 DEOPT UNPACKING pc=0x000000011dadd82f sp=0x0000700008ae6c90 mode 0
Event: 68.861 Thread 0x00007faf474d3800 DEOPT PACKING pc=0x0000000116f80b73 sp=0x00007000088e1a70
Event: 68.861 Thread 0x00007faf474d3800 DEOPT UNPACKING pc=0x000000011dadd82f sp=0x00007000088e0f50 mode 0
Event: 68.878 Thread 0x00007faf498a8000 DEOPT PACKING pc=0x0000000116f80b73 sp=0x0000700008ae7860
Event: 68.878 Thread 0x00007faf498a8000 DEOPT UNPACKING pc=0x000000011dadd82f sp=0x0000700008ae6d40 mode 0
Event: 70.218 Thread 0x00007faf47239800 DEOPT PACKING pc=0x000000011661f4dc sp=0x00007000084cdc90
Event: 70.218 Thread 0x00007faf47239800 DEOPT UNPACKING pc=0x000000011dadd82f sp=0x00007000084cd138 mode 0

Classes unloaded (0 events):
No events

Classes redefined (0 events):
No events

Internal exceptions (20 events):
Event: 52.082 Thread 0x00007faf47239800 Exception <a 'java/lang/NoSuchMethodError'{0x000000078ffb3388}: 'void java.lang.invoke.DirectMethodHandle$Holder.invokeStatic(java.lang.Object, java.lang.Object, java.lang.Object, int, java.lang.Object)'> (0x000000078ffb3388) 
thrown [open/src/hotspot/share/interpreter/linkResolver.cpp, line 759]
Event: 52.158 Thread 0x00007faf47239800 Exception <a 'java/lang/NoSuchMethodError'{0x00000007865bb288}: 'int java.lang.invoke.DirectMethodHandle$Holder.invokeInterface(java.lang.Object, java.lang.Object, java.lang.Object, java.lang.Object, java.lang.Object)'> (0x00000007865bb288) 
thrown [open/src/hotspot/share/interpreter/linkResolver.cpp, line 759]
Event: 52.339 Thread 0x00007faf47239800 Implicit null exception at 0x000000011e03dcd4 to 0x000000011e03e284
Event: 56.673 Thread 0x00007faf47239800 Exception <a 'java/lang/NoSuchMethodError'{0x00000007837e1490}: 'java.lang.Object java.lang.invoke.DirectMethodHandle$Holder.invokeSpecial(java.lang.Object, java.lang.Object, long, java.lang.Object, java.lang.Object)'> (0x00000007837e1490) 
thrown [open/src/hotspot/share/interpreter/linkResolver.cpp, line 759]
Event: 57.133 Thread 0x00007faf47239800 Exception <a 'java/lang/NoSuchMethodError'{0x00000007865afa10}: 'java.lang.Object java.lang.invoke.DirectMethodHandle$Holder.newInvokeSpecial(java.lang.Object, java.lang.Object, java.lang.Object, java.lang.Object, int, java.lang.Object)'> (0x00000007865afa10) 
thrown [open/src/hotspot/share/interpreter/linkResolver.cpp, line 759]
Event: 57.134 Thread 0x00007faf47239800 Exception <a 'java/lang/NoSuchMethodError'{0x00000007865b8df0}: 'java.lang.Object java.lang.invoke.Invokers$Holder.linkToTargetMethod(java.lang.Object, java.lang.Object, java.lang.Object, int, java.lang.Object, java.lang.Object)'> (0x00000007865b8df0) 
thrown [open/src/hotspot/share/interpreter/linkResolver.cpp, line 759]
Event: 57.414 Thread 0x00007faf47239800 Exception <a 'java/lang/NoSuchMethodError'{0x000000078600ea58}: 'java.lang.Object java.lang.invoke.DirectMethodHandle$Holder.invokeSpecialIFC(java.lang.Object, java.lang.Object, java.lang.Object)'> (0x000000078600ea58) 
thrown [open/src/hotspot/share/interpreter/linkResolver.cpp, line 759]
Event: 61.081 Thread 0x00007faf47239800 Exception <a 'java/lang/ClassNotFoundException'{0x000000078596d698}: sun/misc/SharedSecrets> (0x000000078596d698) 
thrown [open/src/hotspot/share/classfile/systemDictionary.cpp, line 256]
Event: 62.808 Thread 0x00007faf47239800 Exception <a 'java/lang/NoSuchMethodError'{0x0000000783a78ff0}: 'void java.lang.invoke.DirectMethodHandle$Holder.invokeStatic(java.lang.Object, java.lang.Object, java.lang.Object, java.lang.Object, java.lang.Object, java.lang.Object, java.lang.Object)'> (0x0000000783a78ff0) 
thrown [open/src/hotspot/share/interpreter/linkResolver.cpp, line 759]
Event: 65.498 Thread 0x00007faf47239800 Exception <a 'java/lang/NoSuchMethodError'{0x00000007843663b0}: 'long java.lang.invoke.DirectMethodHandle$Holder.invokeStatic(java.lang.Object, long)'> (0x00000007843663b0) 
thrown [open/src/hotspot/share/interpreter/linkResolver.cpp, line 759]
Event: 65.746 Thread 0x00007faf47239800 Implicit null exception at 0x000000011e1be41c to 0x000000011e1be7a4
Event: 66.353 Thread 0x00007faf47239800 Exception <a 'java/lang/NoSuchMethodError'{0x00000007865abf50}: static Lorg/gradle/api/internal/catalog/DefaultVersionCatalog;.<clinit>()V> (0x00000007865abf50) 
thrown [open/src/hotspot/share/prims/jni.cpp, line 1112]
Event: 66.363 Thread 0x00007faf47239800 Exception <a 'java/lang/NoSuchMethodError'{0x00000007865ebb30}: static [Ljava/lang/Object;.<clinit>()V> (0x00000007865ebb30) 
thrown [open/src/hotspot/share/prims/jni.cpp, line 1112]
Event: 66.375 Thread 0x00007faf47239800 Exception <a 'java/lang/NoSuchMethodError'{0x0000000786430a38}: static Lorg/gradle/api/internal/catalog/DependencyModel;.<clinit>()V> (0x0000000786430a38) 
thrown [open/src/hotspot/share/prims/jni.cpp, line 1112]
Event: 66.376 Thread 0x00007faf47239800 Exception <a 'java/lang/NoSuchMethodError'{0x0000000786434980}: static Lorg/gradle/api/internal/catalog/AbstractContextAwareModel;.<clinit>()V> (0x0000000786434980) 
thrown [open/src/hotspot/share/prims/jni.cpp, line 1112]
Event: 66.378 Thread 0x00007faf47239800 Exception <a 'java/lang/NoSuchMethodError'{0x0000000786452358}: static Lorg/gradle/api/internal/artifacts/dependencies/AbstractVersionConstraint;.<clinit>()V> (0x0000000786452358) 
thrown [open/src/hotspot/share/prims/jni.cpp, line 1112]
Event: 66.559 Thread 0x00007faf47239800 Exception <a 'java/lang/NoSuchMethodError'{0x0000000786304b10}: static Lorg/gradle/api/internal/catalog/PluginModel;.<clinit>()V> (0x0000000786304b10) 
thrown [open/src/hotspot/share/prims/jni.cpp, line 1112]
Event: 66.565 Thread 0x00007faf47239800 Exception <a 'java/lang/NoSuchMethodError'{0x000000078631fe00}: static Lorg/gradle/api/internal/catalog/VersionModel;.<clinit>()V> (0x000000078631fe00) 
thrown [open/src/hotspot/share/prims/jni.cpp, line 1112]
Event: 66.567 Thread 0x00007faf47239800 Exception <a 'java/lang/NoSuchMethodError'{0x000000078632a2c0}: 'void java.lang.invoke.DirectMethodHandle$Holder.invokeSpecial(java.lang.Object, java.lang.Object, java.lang.Object, int)'> (0x000000078632a2c0) 
thrown [open/src/hotspot/share/interpreter/linkResolver.cpp, line 759]
Event: 67.525 Thread 0x00007faf47239800 Exception <a 'java/lang/IncompatibleClassChangeError'{0x0000000785e194b8}: Found class java.lang.Object, but interface was expected> (0x0000000785e194b8) 
thrown [open/src/hotspot/share/interpreter/linkResolver.cpp, line 826]

VM Operations (20 events):
Event: 67.223 Executing VM operation: Cleanup
Event: 67.224 Executing VM operation: Cleanup done
Event: 68.224 Executing VM operation: Cleanup
Event: 68.224 Executing VM operation: Cleanup done
Event: 68.290 Executing VM operation: G1CollectForAllocation
Event: 68.306 Executing VM operation: G1CollectForAllocation done
Event: 69.030 Executing VM operation: G1Concurrent
Event: 69.070 Executing VM operation: G1Concurrent done
Event: 69.390 Executing VM operation: G1Concurrent
Event: 69.410 Executing VM operation: G1Concurrent done
Event: 69.905 Executing VM operation: G1CollectForAllocation
Event: 69.924 Executing VM operation: G1CollectForAllocation done
Event: 69.988 Executing VM operation: G1CollectForAllocation
Event: 69.994 Executing VM operation: G1CollectForAllocation done
Event: 70.032 Executing VM operation: G1TryInitiateConcMark
Event: 70.035 Executing VM operation: G1TryInitiateConcMark done
Event: 70.502 Executing VM operation: G1Concurrent
Event: 70.527 Executing VM operation: G1Concurrent done
Event: 70.650 Executing VM operation: G1Concurrent
Event: 70.650 Executing VM operation: G1Concurrent done

Events (20 events):
Event: 67.807 Thread 0x00007faf4d18f600 Thread added: 0x00007faf4d18f600
Event: 67.807 Protecting memory [0x0000700009f28000,0x0000700009f2c000] with protection modes 0
Event: 67.815 Thread 0x00007faf49b05a00 Thread added: 0x00007faf49b05a00
Event: 67.815 Protecting memory [0x000070000a02b000,0x000070000a02f000] with protection modes 0
Event: 67.819 Thread 0x00007faf4851ce00 Thread added: 0x00007faf4851ce00
Event: 67.819 Protecting memory [0x000070000a12e000,0x000070000a132000] with protection modes 0
Event: 68.008 Thread 0x00007faf49ffd800 Thread added: 0x00007faf49ffd800
Event: 68.008 Protecting memory [0x000070000a231000,0x000070000a235000] with protection modes 0
Event: 68.009 Thread 0x00007faf47c53a00 Thread added: 0x00007faf47c53a00
Event: 68.009 Protecting memory [0x000070000a334000,0x000070000a338000] with protection modes 0
Event: 68.010 Thread 0x00007faf4b201200 Thread added: 0x00007faf4b201200
Event: 68.010 Protecting memory [0x000070000a437000,0x000070000a43b000] with protection modes 0
Event: 68.090 loading class java/util/concurrent/atomic/Striped64$Cell
Event: 68.090 loading class java/util/concurrent/atomic/Striped64$Cell done
Event: 69.096 loading class java/lang/Override
Event: 69.096 loading class java/lang/Override done
Event: 69.275 Protecting memory [0x0000700008ef8000,0x0000700008efc000] with protection modes 3
Event: 69.275 Thread 0x00007faf471a3600 Thread exited: 0x00007faf471a3600
Event: 69.872 Thread 0x00007faf471a3600 Thread added: 0x00007faf471a3600
Event: 69.872 Protecting memory [0x0000700008ef8000,0x0000700008efc000] with protection modes 0


Dynamic libraries:
0x00007fff6ef7f000 	/usr/lib/libz.1.dylib
0x000000010c468000 	/Library/Java/JavaVirtualMachines/jdk-17.jdk/Contents/Home/lib/libjli.dylib
0x00007fff34f87000 	/System/Library/Frameworks/Cocoa.framework/Versions/A/Cocoa
0x00007fff425ee000 	/System/Library/Frameworks/Security.framework/Versions/A/Security
0x00007fff33eed000 	/System/Library/Frameworks/ApplicationServices.framework/Versions/A/ApplicationServices
0x00007fff6c9b3000 	/usr/lib/libSystem.B.dylib
0x00007fff6f840000 	/usr/lib/system/libcache.dylib
0x00007fff6f846000 	/usr/lib/system/libcommonCrypto.dylib
0x00007fff6f852000 	/usr/lib/system/libcompiler_rt.dylib
0x00007fff6f85a000 	/usr/lib/system/libcopyfile.dylib
0x00007fff6f864000 	/usr/lib/system/libcorecrypto.dylib
0x00007fff6fa03000 	/usr/lib/system/libdispatch.dylib
0x00007fff6fa44000 	/usr/lib/system/libdyld.dylib
0x00007fff6fa7b000 	/usr/lib/system/libkeymgr.dylib
0x00007fff6fa89000 	/usr/lib/system/liblaunch.dylib
0x00007fff6fa8a000 	/usr/lib/system/libmacho.dylib
0x00007fff6fa90000 	/usr/lib/system/libquarantine.dylib
0x00007fff6fa93000 	/usr/lib/system/libremovefile.dylib
0x00007fff6fa95000 	/usr/lib/system/libsystem_asl.dylib
0x00007fff6faad000 	/usr/lib/system/libsystem_blocks.dylib
0x00007fff6faae000 	/usr/lib/system/libsystem_c.dylib
0x00007fff6fb36000 	/usr/lib/system/libsystem_configuration.dylib
0x00007fff6fb3a000 	/usr/lib/system/libsystem_coreservices.dylib
0x00007fff6fb3e000 	/usr/lib/system/libsystem_darwin.dylib
0x00007fff6fb47000 	/usr/lib/system/libsystem_dnssd.dylib
0x00007fff6fb4f000 	/usr/lib/system/libsystem_featureflags.dylib
0x00007fff6fb51000 	/usr/lib/system/libsystem_info.dylib
0x00007fff6fbcc000 	/usr/lib/system/libsystem_m.dylib
0x00007fff6fc18000 	/usr/lib/system/libsystem_malloc.dylib
0x00007fff6fc40000 	/usr/lib/system/libsystem_networkextension.dylib
0x00007fff6fc4e000 	/usr/lib/system/libsystem_notify.dylib
0x00007fff6fc6c000 	/usr/lib/system/libsystem_sandbox.dylib
0x00007fff6fc71000 	/usr/lib/system/libsystem_secinit.dylib
0x00007fff6fb9f000 	/usr/lib/system/libsystem_kernel.dylib
0x00007fff6fc58000 	/usr/lib/system/libsystem_platform.dylib
0x00007fff6fc61000 	/usr/lib/system/libsystem_pthread.dylib
0x00007fff6fc74000 	/usr/lib/system/libsystem_symptoms.dylib
0x00007fff6fc7c000 	/usr/lib/system/libsystem_trace.dylib
0x00007fff6fc94000 	/usr/lib/system/libunwind.dylib
0x00007fff6fc9a000 	/usr/lib/system/libxpc.dylib
0x00007fff6e8ac000 	/usr/lib/libobjc.A.dylib
0x00007fff6cd82000 	/usr/lib/libc++abi.dylib
0x00007fff6cd2f000 	/usr/lib/libc++.1.dylib
0x00007fff35e3a000 	/System/Library/Frameworks/CoreFoundation.framework/Versions/A/CoreFoundation
0x00007fff3851f000 	/System/Library/Frameworks/Foundation.framework/Versions/C/Foundation
0x00007fff330df000 	/System/Library/Frameworks/AppKit.framework/Versions/C/AppKit
0x00007fff3590b000 	/System/Library/Frameworks/CoreData.framework/Versions/A/CoreData
0x00007fff66c0e000 	/System/Library/PrivateFrameworks/UIFoundation.framework/Versions/A/UIFoundation
0x00007fff61ca2000 	/System/Library/PrivateFrameworks/RemoteViewServices.framework/Versions/A/RemoteViewServices
0x00007fff69523000 	/System/Library/PrivateFrameworks/XCTTargetBootstrap.framework/Versions/A/XCTTargetBootstrap
0x00007fff35d07000 	/System/Library/Frameworks/CoreDisplay.framework/Versions/A/CoreDisplay
0x00007fff3b3de000 	/System/Library/Frameworks/Metal.framework/Versions/A/Metal
0x00007fff4fc9f000 	/System/Library/PrivateFrameworks/DesktopServicesPriv.framework/Versions/A/DesktopServicesPriv
0x00007fff6db87000 	/usr/lib/liblangid.dylib
0x00007fff4ef34000 	/System/Library/PrivateFrameworks/CoreSVG.framework/Versions/A/CoreSVG
0x00007fff64dfe000 	/System/Library/PrivateFrameworks/SkyLight.framework/Versions/A/SkyLight
0x00007fff362bc000 	/System/Library/Frameworks/CoreGraphics.framework/Versions/A/CoreGraphics
0x00007fff31a4e000 	/System/Library/Frameworks/Accelerate.framework/Versions/A/Accelerate
0x00007fff6ee70000 	/usr/lib/libxml2.2.dylib
0x00007fff5ac2b000 	/System/Library/PrivateFrameworks/IconServices.framework/Versions/A/IconServices
0x00007fff38cfe000 	/System/Library/Frameworks/IOSurface.framework/Versions/A/IOSurface
0x00007fff6c4dd000 	/usr/lib/libDiagnosticMessagesClient.dylib
0x00007fff4faf9000 	/System/Library/PrivateFrameworks/DFRFoundation.framework/Versions/A/DFRFoundation
0x00007fff6d916000 	/usr/lib/libicucore.A.dylib
0x00007fff3421f000 	/System/Library/Frameworks/AudioToolbox.framework/Versions/A/AudioToolbox
0x00007fff34302000 	/System/Library/Frameworks/AudioUnit.framework/Versions/A/AudioUnit
0x00007fff6cc4b000 	/usr/lib/libauto.dylib
0x00007fff4fb9b000 	/System/Library/PrivateFrameworks/DataDetectorsCore.framework/Versions/A/DataDetectorsCore
0x00007fff34aa8000 	/System/Library/Frameworks/Carbon.framework/Versions/A/Frameworks/HIToolbox.framework/Versions/A/HIToolbox
0x00007fff417e7000 	/System/Library/Frameworks/QuartzCore.framework/Versions/A/QuartzCore
0x00007fff34de7000 	/System/Library/Frameworks/Carbon.framework/Versions/A/Frameworks/SpeechRecognition.framework/Versions/A/SpeechRecognition
0x00007fff4f60d000 	/System/Library/PrivateFrameworks/CoreUI.framework/Versions/A/CoreUI
0x00007fff35376000 	/System/Library/Frameworks/CoreAudio.framework/Versions/A/CoreAudio
0x00007fff381dd000 	/System/Library/Frameworks/DiskArbitration.framework/Versions/A/DiskArbitration
0x00007fff5cc7b000 	/System/Library/PrivateFrameworks/MultitouchSupport.framework/Versions/A/MultitouchSupport
0x00007fff6d7db000 	/usr/lib/libenergytrace.dylib
0x00007fff38c58000 	/System/Library/Frameworks/IOKit.framework/Versions/A/IOKit
0x00007fff37247000 	/System/Library/Frameworks/CoreServices.framework/Versions/A/CoreServices
0x00007fff5ee35000 	/System/Library/PrivateFrameworks/PerformanceAnalysis.framework/Versions/A/PerformanceAnalysis
0x00007fff4081a000 	/System/Library/Frameworks/OpenGL.framework/Versions/A/OpenGL
0x00007fff34f95000 	/System/Library/Frameworks/ColorSync.framework/Versions/A/ColorSync
0x00007fff36962000 	/System/Library/Frameworks/CoreImage.framework/Versions/A/CoreImage
0x00007fff37cbb000 	/System/Library/Frameworks/CoreText.framework/Versions/A/CoreText
0x00007fff38d8e000 	/System/Library/Frameworks/ImageIO.framework/Versions/A/ImageIO
0x00007fff6cdab000 	/usr/lib/libcompression.dylib
0x00007fff6c821000 	/usr/lib/libMobileGestalt.dylib
0x00007fff66978000 	/System/Library/PrivateFrameworks/TextureIO.framework/Versions/A/TextureIO
0x00007fff6cb18000 	/usr/lib/libate.dylib
0x00007fff5ae34000 	/System/Library/PrivateFrameworks/InternationalSupport.framework/Versions/A/InternationalSupport
0x00007fff6db89000 	/usr/lib/liblzma.5.dylib
0x00007fff6d804000 	/usr/lib/libfakelink.dylib
0x00007fff6caa5000 	/usr/lib/libarchive.2.dylib
0x00007fff436a1000 	/System/Library/Frameworks/SystemConfiguration.framework/Versions/A/SystemConfiguration
0x00007fff6c410000 	/usr/lib/libCRFSuite.dylib
0x00007fff34699000 	/System/Library/Frameworks/CFNetwork.framework/Versions/A/CFNetwork
0x00007fff6cd11000 	/usr/lib/libbsm.0.dylib
0x00007fff6fa7c000 	/usr/lib/system/libkxld.dylib
0x00007fff4945b000 	/System/Library/PrivateFrameworks/AppleFSCompression.framework/Versions/A/AppleFSCompression
0x00007fff6d09d000 	/usr/lib/libcoretls.dylib
0x00007fff6d0b4000 	/usr/lib/libcoretls_cfhelpers.dylib
0x00007fff6e8f1000 	/usr/lib/libpam.2.dylib
0x00007fff6ea26000 	/usr/lib/libsqlite3.dylib
0x00007fff6ee5d000 	/usr/lib/libxar.1.dylib
0x00007fff6cd22000 	/usr/lib/libbz2.1.0.dylib
0x00007fff6d825000 	/usr/lib/libiconv.2.dylib
0x00007fff6cd98000 	/usr/lib/libcharset.1.dylib
0x00007fff6e38f000 	/usr/lib/libnetwork.dylib
0x00007fff6e8f8000 	/usr/lib/libpcap.A.dylib
0x00007fff6ca5a000 	/usr/lib/libapple_nghttp2.dylib
0x00007fff375fe000 	/System/Library/Frameworks/CoreServices.framework/Versions/A/Frameworks/FSEvents.framework/Versions/A/FSEvents
0x00007fff372ce000 	/System/Library/Frameworks/CoreServices.framework/Versions/A/Frameworks/CarbonCore.framework/Versions/A/CarbonCore
0x00007fff37843000 	/System/Library/Frameworks/CoreServices.framework/Versions/A/Frameworks/Metadata.framework/Versions/A/Metadata
0x00007fff378dc000 	/System/Library/Frameworks/CoreServices.framework/Versions/A/Frameworks/OSServices.framework/Versions/A/OSServices
0x00007fff3790a000 	/System/Library/Frameworks/CoreServices.framework/Versions/A/Frameworks/SearchKit.framework/Versions/A/SearchKit
0x00007fff37248000 	/System/Library/Frameworks/CoreServices.framework/Versions/A/Frameworks/AE.framework/Versions/A/AE
0x00007fff37607000 	/System/Library/Frameworks/CoreServices.framework/Versions/A/Frameworks/LaunchServices.framework/Versions/A/LaunchServices
0x00007fff375b0000 	/System/Library/Frameworks/CoreServices.framework/Versions/A/Frameworks/DictionaryServices.framework/Versions/A/DictionaryServices
0x00007fff37972000 	/System/Library/Frameworks/CoreServices.framework/Versions/A/Frameworks/SharedFileList.framework/Versions/A/SharedFileList
0x00007fff3c639000 	/System/Library/Frameworks/NetFS.framework/Versions/A/NetFS
0x00007fff5d1ab000 	/System/Library/PrivateFrameworks/NetAuth.framework/Versions/A/NetAuth
0x00007fff698f0000 	/System/Library/PrivateFrameworks/login.framework/Versions/A/Frameworks/loginsupport.framework/Versions/A/loginsupport
0x00007fff66443000 	/System/Library/PrivateFrameworks/TCC.framework/Versions/A/TCC
0x00007fff4e091000 	/System/Library/PrivateFrameworks/CoreNLP.framework/Versions/A/CoreNLP
0x00007fff5c6a8000 	/System/Library/PrivateFrameworks/MetadataUtilities.framework/Versions/A/MetadataUtilities
0x00007fff6dc61000 	/usr/lib/libmecabra.dylib
0x00007fff6dbb9000 	/usr/lib/libmecab.dylib
0x00007fff6d815000 	/usr/lib/libgermantok.dylib
0x00007fff6ca41000 	/usr/lib/libThaiTokenizer.dylib
0x00007fff6c447000 	/usr/lib/libChineseTokenizer.dylib
0x00007fff31a67000 	/System/Library/Frameworks/Accelerate.framework/Versions/A/Frameworks/vImage.framework/Versions/A/vImage
0x00007fff32f35000 	/System/Library/Frameworks/Accelerate.framework/Versions/A/Frameworks/vecLib.framework/Versions/A/vecLib
0x00007fff32db6000 	/System/Library/Frameworks/Accelerate.framework/Versions/A/Frameworks/vecLib.framework/Versions/A/libvMisc.dylib
0x00007fff32c23000 	/System/Library/Frameworks/Accelerate.framework/Versions/A/Frameworks/vecLib.framework/Versions/A/libvDSP.dylib
0x00007fff32303000 	/System/Library/Frameworks/Accelerate.framework/Versions/A/Frameworks/vecLib.framework/Versions/A/libBLAS.dylib
0x00007fff327db000 	/System/Library/Frameworks/Accelerate.framework/Versions/A/Frameworks/vecLib.framework/Versions/A/libLAPACK.dylib
0x00007fff32b83000 	/System/Library/Frameworks/Accelerate.framework/Versions/A/Frameworks/vecLib.framework/Versions/A/libLinearAlgebra.dylib
0x00007fff32c10000 	/System/Library/Frameworks/Accelerate.framework/Versions/A/Frameworks/vecLib.framework/Versions/A/libSparseBLAS.dylib
0x00007fff32b99000 	/System/Library/Frameworks/Accelerate.framework/Versions/A/Frameworks/vecLib.framework/Versions/A/libQuadrature.dylib
0x00007fff32499000 	/System/Library/Frameworks/Accelerate.framework/Versions/A/Frameworks/vecLib.framework/Versions/A/libBNNS.dylib
0x00007fff32b9f000 	/System/Library/Frameworks/Accelerate.framework/Versions/A/Frameworks/vecLib.framework/Versions/A/libSparse.dylib
0x00007fff5b21c000 	/System/Library/PrivateFrameworks/LanguageModeling.framework/Versions/A/LanguageModeling
0x00007fff4da40000 	/System/Library/PrivateFrameworks/CoreEmoji.framework/Versions/A/CoreEmoji
0x00007fff5b33a000 	/System/Library/PrivateFrameworks/LinguisticData.framework/Versions/A/LinguisticData
0x00007fff5b2eb000 	/System/Library/PrivateFrameworks/Lexicon.framework/Versions/A/Lexicon
0x00007fff6cd99000 	/usr/lib/libcmph.dylib
0x00007fff3f228000 	/System/Library/Frameworks/OpenDirectory.framework/Versions/A/Frameworks/CFOpenDirectory.framework/Versions/A/CFOpenDirectory
0x00007fff3f245000 	/System/Library/Frameworks/OpenDirectory.framework/Versions/A/OpenDirectory
0x00007fff4768b000 	/System/Library/PrivateFrameworks/APFS.framework/Versions/A/APFS
0x00007fff4293a000 	/System/Library/Frameworks/SecurityFoundation.framework/Versions/A/SecurityFoundation
0x00007fff6ee59000 	/usr/lib/libutil.dylib
0x00007fff4ef8c000 	/System/Library/PrivateFrameworks/CoreServicesStore.framework/Versions/A/CoreServicesStore
0x00007fff429f1000 	/System/Library/Frameworks/ServiceManagement.framework/Versions/A/ServiceManagement
0x00007fff4ac2d000 	/System/Library/PrivateFrameworks/BackgroundTaskManagement.framework/Versions/A/BackgroundTaskManagement
0x00007fff6ef56000 	/usr/lib/libxslt.1.dylib
0x00007fff49acf000 	/System/Library/PrivateFrameworks/AppleSystemInfo.framework/Versions/A/AppleSystemInfo
0x00007fff38fad000 	/System/Library/Frameworks/ImageIO.framework/Versions/A/Resources/libJPEG.dylib
0x00007fff3926c000 	/System/Library/Frameworks/ImageIO.framework/Versions/A/Resources/libTIFF.dylib
0x00007fff3924f000 	/System/Library/Frameworks/ImageIO.framework/Versions/A/Resources/libPng.dylib
0x00007fff38eef000 	/System/Library/Frameworks/ImageIO.framework/Versions/A/Resources/libGIF.dylib
0x00007fff38ef3000 	/System/Library/Frameworks/ImageIO.framework/Versions/A/Resources/libJP2.dylib
0x00007fff3926a000 	/System/Library/Frameworks/ImageIO.framework/Versions/A/Resources/libRadiance.dylib
0x00007fff6d7dc000 	/usr/lib/libexpat.1.dylib
0x00007fff495b6000 	/System/Library/PrivateFrameworks/AppleJPEG.framework/Versions/A/AppleJPEG
0x00007fff5228b000 	/System/Library/PrivateFrameworks/FontServices.framework/libFontParser.dylib
0x00007fff688f2000 	/System/Library/PrivateFrameworks/WatchdogClient.framework/Versions/A/WatchdogClient
0x00007fff5a877000 	/System/Library/PrivateFrameworks/IOAccelerator.framework/Versions/A/IOAccelerator
0x00007fff3b779000 	/System/Library/Frameworks/MetalPerformanceShaders.framework/Versions/A/MetalPerformanceShaders
0x00007fff57007000 	/System/Library/PrivateFrameworks/GPUWrangler.framework/Versions/A/GPUWrangler
0x00007fff5a88c000 	/System/Library/PrivateFrameworks/IOPresentment.framework/Versions/A/IOPresentment
0x00007fff4fb0c000 	/System/Library/PrivateFrameworks/DSExternalDisplay.framework/Versions/A/DSExternalDisplay
0x00007fff3fbb9000 	/System/Library/Frameworks/OpenGL.framework/Versions/A/Libraries/libCoreFSCache.dylib
0x00007fff3b4c5000 	/System/Library/Frameworks/MetalPerformanceShaders.framework/Frameworks/MPSCore.framework/Versions/A/MPSCore
0x00007fff3b503000 	/System/Library/Frameworks/MetalPerformanceShaders.framework/Frameworks/MPSImage.framework/Versions/A/MPSImage
0x00007fff3b5ca000 	/System/Library/Frameworks/MetalPerformanceShaders.framework/Frameworks/MPSNeuralNetwork.framework/Versions/A/MPSNeuralNetwork
0x00007fff3b58e000 	/System/Library/Frameworks/MetalPerformanceShaders.framework/Frameworks/MPSMatrix.framework/Versions/A/MPSMatrix
0x00007fff3b729000 	/System/Library/Frameworks/MetalPerformanceShaders.framework/Frameworks/MPSRayIntersector.framework/Versions/A/MPSRayIntersector
0x00007fff3b5b4000 	/System/Library/Frameworks/MetalPerformanceShaders.framework/Frameworks/MPSNDArray.framework/Versions/A/MPSNDArray
0x00007fff5c6f5000 	/System/Library/PrivateFrameworks/MetalTools.framework/Versions/A/MetalTools
0x00007fff48865000 	/System/Library/PrivateFrameworks/AggregateDictionary.framework/Versions/A/AggregateDictionary
0x00007fff4d487000 	/System/Library/PrivateFrameworks/CoreAnalytics.framework/Versions/A/CoreAnalytics
0x00007fff499ed000 	/System/Library/PrivateFrameworks/AppleSauce.framework/Versions/A/AppleSauce
0x00007fff6c703000 	/usr/lib/libIOReport.dylib
0x00007fff37e74000 	/System/Library/Frameworks/CoreVideo.framework/Versions/A/CoreVideo
0x00007fff58480000 	/System/Library/PrivateFrameworks/GraphVisualizer.framework/Versions/A/GraphVisualizer
0x00007fff517d1000 	/System/Library/PrivateFrameworks/FaceCore.framework/Versions/A/FaceCore
0x00007fff3f1cf000 	/System/Library/Frameworks/OpenCL.framework/Versions/A/OpenCL
0x00007fff6c525000 	/usr/lib/libFosl_dynamic.dylib
0x00007fff5dbcd000 	/System/Library/PrivateFrameworks/OTSVG.framework/Versions/A/OTSVG
0x00007fff33ff2000 	/System/Library/Frameworks/ApplicationServices.framework/Versions/A/Frameworks/ATS.framework/Versions/A/Resources/libFontRegistry.dylib
0x00007fff5245b000 	/System/Library/PrivateFrameworks/FontServices.framework/libhvf.dylib
0x00007fff3fbc4000 	/System/Library/Frameworks/OpenGL.framework/Versions/A/Libraries/libGFXShared.dylib
0x00007fff3fda2000 	/System/Library/Frameworks/OpenGL.framework/Versions/A/Libraries/libGLU.dylib
0x00007fff3fbcd000 	/System/Library/Frameworks/OpenGL.framework/Versions/A/Libraries/libGL.dylib
0x00007fff3fbd8000 	/System/Library/Frameworks/OpenGL.framework/Versions/A/Libraries/libGLImage.dylib
0x00007fff3fbb6000 	/System/Library/Frameworks/OpenGL.framework/Versions/A/Libraries/libCVMSPluginSupport.dylib
0x00007fff3fbbf000 	/System/Library/Frameworks/OpenGL.framework/Versions/A/Libraries/libCoreVMClient.dylib
0x00007fff6e230000 	/usr/lib/libncurses.5.4.dylib
0x00007fff33eee000 	/System/Library/Frameworks/ApplicationServices.framework/Versions/A/Frameworks/ATS.framework/Versions/A/ATS
0x00007fff340bb000 	/System/Library/Frameworks/ApplicationServices.framework/Versions/A/Frameworks/ColorSyncLegacy.framework/Versions/A/ColorSyncLegacy
0x00007fff34159000 	/System/Library/Frameworks/ApplicationServices.framework/Versions/A/Frameworks/HIServices.framework/Versions/A/HIServices
0x00007fff341b1000 	/System/Library/Frameworks/ApplicationServices.framework/Versions/A/Frameworks/LangAnalysis.framework/Versions/A/LangAnalysis
0x00007fff341c0000 	/System/Library/Frameworks/ApplicationServices.framework/Versions/A/Frameworks/PrintCore.framework/Versions/A/PrintCore
0x00007fff34206000 	/System/Library/Frameworks/ApplicationServices.framework/Versions/A/Frameworks/QD.framework/Versions/A/QD
0x00007fff34211000 	/System/Library/Frameworks/ApplicationServices.framework/Versions/A/Frameworks/SpeechSynthesis.framework/Versions/A/SpeechSynthesis
0x00007fff3408b000 	/System/Library/Frameworks/ApplicationServices.framework/Versions/A/Frameworks/ATSUI.framework/Versions/A/ATSUI
0x00007fff6d672000 	/usr/lib/libcups.2.dylib
0x00007fff3a814000 	/System/Library/Frameworks/Kerberos.framework/Versions/A/Kerberos
0x00007fff38951000 	/System/Library/Frameworks/GSS.framework/Versions/A/GSS
0x00007fff6e9b2000 	/usr/lib/libresolv.9.dylib
0x00007fff5862d000 	/System/Library/PrivateFrameworks/Heimdal.framework/Versions/A/Heimdal
0x00007fff3a827000 	/System/Library/Frameworks/Kerberos.framework/Versions/A/Libraries/libHeimdalProxy.dylib
0x00007fff6d81b000 	/usr/lib/libheimdal-asn1.dylib
0x00007fff4c91f000 	/System/Library/PrivateFrameworks/CommonAuth.framework/Versions/A/CommonAuth
0x00007fff49b6c000 	/System/Library/PrivateFrameworks/AssertionServices.framework/Versions/A/AssertionServices
0x00007fff4a70f000 	/System/Library/PrivateFrameworks/AudioToolboxCore.framework/Versions/A/AudioToolboxCore
0x00007fff695a0000 	/System/Library/PrivateFrameworks/caulk.framework/Versions/A/caulk
0x00007fff4acd9000 	/System/Library/PrivateFrameworks/BaseBoard.framework/Versions/A/BaseBoard
0x00007fff61e30000 	/System/Library/PrivateFrameworks/RunningBoardServices.framework/Versions/A/RunningBoardServices
0x00007fff5ee41000 	/System/Library/PrivateFrameworks/PersistentConnection.framework/Versions/A/PersistentConnection
0x00007fff61829000 	/System/Library/PrivateFrameworks/ProtocolBuffer.framework/Versions/A/ProtocolBuffer
0x00007fff4c943000 	/System/Library/PrivateFrameworks/CommonUtilities.framework/Versions/A/CommonUtilities
0x00007fff4ae67000 	/System/Library/PrivateFrameworks/Bom.framework/Versions/A/Bom
0x00007fff6c3d6000 	/usr/lib/libAudioToolboxUtility.dylib
0x00007fff4ac37000 	/System/Library/PrivateFrameworks/Backup.framework/Versions/A/Backup
0x00007fff4fa2d000 	/System/Library/PrivateFrameworks/CrashReporterSupport.framework/Versions/A/CrashReporterSupport
0x00007fff638c2000 	/System/Library/PrivateFrameworks/Sharing.framework/Versions/A/Sharing
0x00007fff49179000 	/System/Library/PrivateFrameworks/Apple80211.framework/Versions/A/Apple80211
0x00007fff4a954000 	/System/Library/PrivateFrameworks/AuthKit.framework/Versions/A/AuthKit
0x00007fff4f73a000 	/System/Library/PrivateFrameworks/CoreUtils.framework/Versions/A/CoreUtils
0x00007fff37eb9000 	/System/Library/Frameworks/CoreWLAN.framework/Versions/A/CoreWLAN
0x00007fff38ade000 	/System/Library/Frameworks/IOBluetooth.framework/Versions/A/IOBluetooth
0x00007fff5c9fa000 	/System/Library/PrivateFrameworks/MobileKeyBag.framework/Versions/A/MobileKeyBag
0x00007fff4e529000 	/System/Library/PrivateFrameworks/CorePhoneNumbers.framework/Versions/A/CorePhoneNumbers
0x00007fff49569000 	/System/Library/PrivateFrameworks/AppleIDAuthSupport.framework/Versions/A/AppleIDAuthSupport
0x00007fff3c646000 	/System/Library/Frameworks/Network.framework/Versions/A/Network
0x00007fff5b0c8000 	/System/Library/PrivateFrameworks/KeychainCircle.framework/Versions/A/KeychainCircle
0x00007fff358d2000 	/System/Library/Frameworks/CoreBluetooth.framework/Versions/A/CoreBluetooth
0x00007fff65941000 	/System/Library/PrivateFrameworks/SpeechRecognitionCore.framework/Versions/A/SpeechRecognitionCore
0x000000010ce00000 	/Library/Java/JavaVirtualMachines/jdk-17.jdk/Contents/Home/lib/server/libjvm.dylib
0x000000010c48d000 	/Library/Java/JavaVirtualMachines/jdk-17.jdk/Contents/Home/lib/libjimage.dylib
0x000000010c49f000 	/Library/Java/JavaVirtualMachines/jdk-17.jdk/Contents/Home/lib/libinstrument.dylib
0x000000010c4b3000 	/Library/Java/JavaVirtualMachines/jdk-17.jdk/Contents/Home/lib/libjava.dylib
0x000000010c58b000 	/Library/Java/JavaVirtualMachines/jdk-17.jdk/Contents/Home/lib/libzip.dylib
0x000000010c59f000 	/Library/Java/JavaVirtualMachines/jdk-17.jdk/Contents/Home/lib/libnio.dylib
0x000000010c5bb000 	/Library/Java/JavaVirtualMachines/jdk-17.jdk/Contents/Home/lib/libnet.dylib
0x000000010c5db000 	/Library/Java/JavaVirtualMachines/jdk-17.jdk/Contents/Home/lib/libverify.dylib
0x000000010c5f3000 	/Users/apple/.gradle/native/1def1411415f61bf3af743bc5b6707747c0891f09f0c88961ee8f79bc544acac/osx-amd64/libnative-platform.dylib
0x000000010ec4a000 	/Library/Java/JavaVirtualMachines/jdk-17.jdk/Contents/Home/lib/libmanagement.dylib
0x000000010ec5a000 	/Library/Java/JavaVirtualMachines/jdk-17.jdk/Contents/Home/lib/libmanagement_ext.dylib
0x000000012b554000 	/Library/Java/JavaVirtualMachines/jdk-17.jdk/Contents/Home/lib/libextnet.dylib


VM Arguments:
jvm_args: --add-opens=java.base/java.lang=ALL-UNNAMED --add-opens=java.base/java.lang.invoke=ALL-UNNAMED --add-opens=java.base/java.util=ALL-UNNAMED --add-opens=java.prefs/java.util.prefs=ALL-UNNAMED --add-exports=jdk.compiler/com.sun.tools.javac.api=ALL-UNNAMED --add-exports=jdk.compiler/com.sun.tools.javac.util=ALL-UNNAMED --add-opens=java.base/java.util=ALL-UNNAMED --add-opens=java.prefs/java.util.prefs=ALL-UNNAMED --add-opens=java.base/java.nio.charset=ALL-UNNAMED --add-opens=java.base/java.net=ALL-UNNAMED --add-opens=java.base/java.util.concurrent.atomic=ALL-UNNAMED --add-opens=java.xml/javax.xml.namespace=ALL-UNNAMED -XX:MaxMetaspaceSize=512m -Xmx2048m -Dfile.encoding=UTF-8 -Duser.country=PK -Duser.language=en -Duser.variant -javaagent:/Users/apple/.gradle/wrapper/dists/gradle-8.14.1-bin/baw1sv0jfoi8rxs14qo3h49cs/gradle-8.14.1/lib/agents/gradle-instrumentation-agent-8.14.1.jar 
java_command: org.gradle.launcher.daemon.bootstrap.GradleDaemon 8.14.1
java_class_path (initial): /Users/apple/.gradle/wrapper/dists/gradle-8.14.1-bin/baw1sv0jfoi8rxs14qo3h49cs/gradle-8.14.1/lib/gradle-daemon-main-8.14.1.jar
Launcher Type: SUN_STANDARD

[Global flags]
     intx CICompilerCount                          = 3                                         {product} {ergonomic}
   size_t CompressedClassSpaceSize                 = 436207616                                 {product} {ergonomic}
     uint ConcGCThreads                            = 1                                         {product} {ergonomic}
     uint G1ConcRefinementThreads                  = 4                                         {product} {ergonomic}
   size_t G1HeapRegionSize                         = 1048576                                   {product} {ergonomic}
    uintx GCDrainStackTargetSize                   = 64                                        {product} {ergonomic}
   size_t InitialHeapSize                          = 268435456                                 {product} {ergonomic}
   size_t MarkStackSize                            = 4194304                                   {product} {ergonomic}
   size_t MaxHeapSize                              = 2147483648                                {product} {command line}
   size_t MaxMetaspaceSize                         = 536870912                                 {product} {command line}
   size_t MaxNewSize                               = 1287651328                                {product} {ergonomic}
   size_t MinHeapDeltaBytes                        = 1048576                                   {product} {ergonomic}
   size_t MinHeapSize                              = 8388608                                   {product} {ergonomic}
    uintx NonNMethodCodeHeapSize                   = 5832780                                {pd product} {ergonomic}
    uintx NonProfiledCodeHeapSize                  = 122912730                              {pd product} {ergonomic}
    uintx ProfiledCodeHeapSize                     = 122912730                              {pd product} {ergonomic}
    uintx ReservedCodeCacheSize                    = 251658240                              {pd product} {ergonomic}
     bool SegmentedCodeCache                       = true                                      {product} {ergonomic}
   size_t SoftMaxHeapSize                          = 2147483648                             {manageable} {ergonomic}
     bool UseCompressedClassPointers               = true                           {product lp64_product} {ergonomic}
     bool UseCompressedOops                        = true                           {product lp64_product} {ergonomic}
     bool UseG1GC                                  = true                                      {product} {ergonomic}
     bool UseNUMA                                  = false                                     {product} {ergonomic}
     bool UseNUMAInterleaving                      = false                                     {product} {ergonomic}

Logging:
Log output configuration:
 #0: stdout all=warning uptime,level,tags
 #1: stderr all=off uptime,level,tags

Environment Variables:
PATH=/Users/apple/Documents/Snipbyte/SparkKith/node_modules/.bin:/Users/apple/Documents/Snipbyte/SparkKith/node_modules/.bin:/Users/apple/Documents/Snipbyte/node_modules/.bin:/Users/apple/Documents/node_modules/.bin:/Users/apple/node_modules/.bin:/Users/node_modules/.bin:/node_modules/.bin:/usr/local/lib/node_modules/npm/node_modules/@npmcli/run-script/lib/node-gyp-bin:/Users/apple/Library/Android/sdk/cmdline-tools/latest/bin:/Users/apple/Library/Android/sdk/emulator:/Users/apple/Library/Android/sdk/tools:/Users/apple/Library/Android/sdk/tools/bin:/Users/apple/Library/Android/sdk/platform-tools:/opt/local/bin:/opt/local/sbin:/usr/local/bin:/usr/bin:/bin:/usr/sbin:/sbin
SHELL=/bin/zsh
LC_CTYPE=UTF-8

Signal Handlers:
   SIGSEGV: crash_handler in libjvm.dylib, mask=11100110000111110111111111111111, flags=SA_RESTART|SA_SIGINFO
    SIGBUS: crash_handler in libjvm.dylib, mask=11100110000111110111111111111111, flags=SA_RESTART|SA_SIGINFO
    SIGFPE: crash_handler in libjvm.dylib, mask=11100110000111110111111111111111, flags=SA_RESTART|SA_SIGINFO
   SIGPIPE: javaSignalHandler in libjvm.dylib, mask=11100110000111110111111111111111, flags=SA_RESTART|SA_SIGINFO
   SIGXFSZ: javaSignalHandler in libjvm.dylib, mask=11100110000111110111111111111111, flags=SA_RESTART|SA_SIGINFO
    SIGILL: crash_handler in libjvm.dylib, mask=11100110000111110111111111111111, flags=SA_RESTART|SA_SIGINFO
   SIGUSR2: SR_handler in libjvm.dylib, mask=00100000000000000000000000000000, flags=SA_RESTART|SA_SIGINFO
    SIGHUP: UserHandler in libjvm.dylib, mask=11100110000111110111111111111111, flags=SA_RESTART|SA_SIGINFO
    SIGINT: UserHandler in libjvm.dylib, mask=11100110000111110111111111111111, flags=SA_RESTART|SA_SIGINFO
   SIGTERM: UserHandler in libjvm.dylib, mask=11100110000111110111111111111111, flags=SA_RESTART|SA_SIGINFO
   SIGQUIT: UserHandler in libjvm.dylib, mask=11100110000111110111111111111111, flags=SA_RESTART|SA_SIGINFO
   SIGTRAP: crash_handler in libjvm.dylib, mask=11100110000111110111111111111111, flags=SA_RESTART|SA_SIGINFO


---------------  S Y S T E M  ---------------

OS:
uname: Darwin 19.6.0 Darwin Kernel Version 19.6.0: Tue Jun 21 21:18:39 PDT 2022; root:xnu-6153.141.66~1/RELEASE_X86_64 x86_64
OS uptime: 0 days 0:02 hours
rlimit (soft/hard): STACK 8192k/65532k , CORE 0k/infinity , NPROC 2784/4176 , NOFILE 10240/infinity , AS infinity/infinity , CPU infinity/infinity , DATA infinity/infinity , FSIZE infinity/infinity , MEMLOCK infinity/infinity , RSS infinity/infinity
load average: 111.67 40.66 16.03

CPU: total 4 (initial active 4) (2 cores per cpu, 2 threads per core) family 6 model 58 stepping 9 microcode 0x21, cx8, cmov, fxsr, ht, mmx, sse, sse2, sse3, ssse3, sse4.1, sse4.2, popcnt, tsc, tscinvbit, avx, aes, erms, clmul, vzeroupper, clflush

Memory: 4k page, physical 16777216k(2628148k free), swap 0k(0k free)

vm_info: Java HotSpot(TM) 64-Bit Server VM (17.0.16+12-LTS-247) for bsd-amd64 JRE (17.0.16+12-LTS-247), built on Jun 27 2025 09:09:47 by "mach5one" with clang Apple LLVM 12.0.0 (clang-1200.0.32.29)

END.
